Using pre-set license
Built from '2022.3/release' branch; Version is '2022.3.12f1 (4fe6e059c7ef) revision 5236448'; Using compiler version '192829333'; Build Type 'Release'
OS: 'Windows 11  (10.0.22621) 64bit Core' Language: 'pl' Physical Memory: 16251 MB
BatchMode: 1, IsHumanControllingUs: 0, StartBugReporterOnCrash: 0, Is64bit: 1, IsPro: 1

COMMAND LINE ARGUMENTS:
C:\Program Files\Unity\Hub\Editor\2022.3.12f1\Editor\Unity.exe
-adb2
-batchMode
-noUpm
-name
AssetImportWorker1
-projectPath
C:/Users/super/OneDrive/Pulpit/Unity projects/WolfenSpace/PGK/Wolfenspace
-logFile
Logs/AssetImportWorker1.log
-srvPort
50989
Successfully changed project path to: C:/Users/super/OneDrive/Pulpit/Unity projects/WolfenSpace/PGK/Wolfenspace
C:/Users/super/OneDrive/Pulpit/Unity projects/WolfenSpace/PGK/Wolfenspace
[UnityMemory] Configuration Parameters - Can be set up in boot.config
    "memorysetup-bucket-allocator-granularity=16"
    "memorysetup-bucket-allocator-bucket-count=8"
    "memorysetup-bucket-allocator-block-size=33554432"
    "memorysetup-bucket-allocator-block-count=8"
    "memorysetup-main-allocator-block-size=16777216"
    "memorysetup-thread-allocator-block-size=16777216"
    "memorysetup-gfx-main-allocator-block-size=16777216"
    "memorysetup-gfx-thread-allocator-block-size=16777216"
    "memorysetup-cache-allocator-block-size=4194304"
    "memorysetup-typetree-allocator-block-size=2097152"
    "memorysetup-profiler-bucket-allocator-granularity=16"
    "memorysetup-profiler-bucket-allocator-bucket-count=8"
    "memorysetup-profiler-bucket-allocator-block-size=33554432"
    "memorysetup-profiler-bucket-allocator-block-count=8"
    "memorysetup-profiler-allocator-block-size=16777216"
    "memorysetup-profiler-editor-allocator-block-size=1048576"
    "memorysetup-temp-allocator-size-main=16777216"
    "memorysetup-job-temp-allocator-block-size=2097152"
    "memorysetup-job-temp-allocator-block-size-background=1048576"
    "memorysetup-job-temp-allocator-reduction-small-platforms=262144"
    "memorysetup-allocator-temp-initial-block-size-main=262144"
    "memorysetup-allocator-temp-initial-block-size-worker=262144"
    "memorysetup-temp-allocator-size-background-worker=32768"
    "memorysetup-temp-allocator-size-job-worker=262144"
    "memorysetup-temp-allocator-size-preload-manager=33554432"
    "memorysetup-temp-allocator-size-nav-mesh-worker=65536"
    "memorysetup-temp-allocator-size-audio-worker=65536"
    "memorysetup-temp-allocator-size-cloud-worker=32768"
    "memorysetup-temp-allocator-size-gi-baking-worker=262144"
    "memorysetup-temp-allocator-size-gfx=262144"
Player connection [26872] Host "[IP] 192.168.146.1 [Port] 0 [Flags] 2 [Guid] 3919479474 [EditorId] 3919479474 [Version] 1048832 [Id] WindowsEditor(7,DESKTOP-THDQ277) [Debug] 1 [PackageName] WindowsEditor [ProjectName] Editor" joined multi-casting on [225.0.0.222:54997]...

Player connection [26872] Host "[IP] 192.168.146.1 [Port] 0 [Flags] 2 [Guid] 3919479474 [EditorId] 3919479474 [Version] 1048832 [Id] WindowsEditor(7,DESKTOP-THDQ277) [Debug] 1 [PackageName] WindowsEditor [ProjectName] Editor" joined alternative multi-casting on [225.0.0.222:34997]...

[Physics::Module] Initialized MultithreadedJobDispatcher with 11 workers.
Refreshing native plugins compatible for Editor in 12.99 ms, found 3 plugins.
Preloading 0 native plugins for Editor in 0.00 ms.
Initialize engine version: 2022.3.12f1 (4fe6e059c7ef)
[Subsystems] Discovering subsystems at path C:/Program Files/Unity/Hub/Editor/2022.3.12f1/Editor/Data/Resources/UnitySubsystems
[Subsystems] Discovering subsystems at path C:/Users/super/OneDrive/Pulpit/Unity projects/WolfenSpace/PGK/Wolfenspace/Assets
GfxDevice: creating device client; threaded=0; jobified=0
Direct3D:
    Version:  Direct3D 11.0 [level 11.1]
    Renderer: NVIDIA GeForce GTX 1650 (ID=0x1f99)
    Vendor:   NVIDIA
    VRAM:     3950 MB
    Driver:   31.0.15.3699
Initialize mono
Mono path[0] = 'C:/Program Files/Unity/Hub/Editor/2022.3.12f1/Editor/Data/Managed'
Mono path[1] = 'C:/Program Files/Unity/Hub/Editor/2022.3.12f1/Editor/Data/MonoBleedingEdge/lib/mono/unityjit-win32'
Mono config path = 'C:/Program Files/Unity/Hub/Editor/2022.3.12f1/Editor/Data/MonoBleedingEdge/etc'
Using monoOptions --debugger-agent=transport=dt_socket,embedding=1,server=y,suspend=n,address=127.0.0.1:56416
Begin MonoManager ReloadAssembly
Registering precompiled unity dll's ...
Register platform support module: C:/Program Files/Unity/Hub/Editor/2022.3.12f1/Editor/Data/PlaybackEngines/WindowsStandaloneSupport/UnityEditor.WindowsStandalone.Extensions.dll
Registered in 0.006946 seconds.
- Loaded All Assemblies, in  0.371 seconds
Native extension for WindowsStandalone target not found
Mono: successfully reloaded assembly
- Finished resetting the current domain, in  0.295 seconds
Domain Reload Profiling: 665ms
	BeginReloadAssembly (113ms)
		ExecutionOrderSort (0ms)
		DisableScriptedObjects (0ms)
		BackupInstance (0ms)
		ReleaseScriptingObjects (0ms)
		CreateAndSetChildDomain (1ms)
	RebuildCommonClasses (36ms)
	RebuildNativeTypeToScriptingClass (11ms)
	initialDomainReloadingComplete (62ms)
	LoadAllAssembliesAndSetupDomain (148ms)
		LoadAssemblies (111ms)
		RebuildTransferFunctionScriptingTraits (0ms)
		AnalyzeDomain (145ms)
			TypeCache.Refresh (144ms)
				TypeCache.ScanAssembly (129ms)
			ScanForSourceGeneratedMonoScriptInfo (0ms)
			ResolveRequiredComponents (0ms)
	FinalizeReload (295ms)
		ReleaseScriptCaches (0ms)
		RebuildScriptCaches (0ms)
		SetupLoadedEditorAssemblies (223ms)
			LogAssemblyErrors (0ms)
			InitializePlatformSupportModulesInManaged (11ms)
			SetLoadedEditorAssemblies (9ms)
			RefreshPlugins (0ms)
			BeforeProcessingInitializeOnLoad (2ms)
			ProcessInitializeOnLoadAttributes (147ms)
			ProcessInitializeOnLoadMethodAttributes (54ms)
			AfterProcessingInitializeOnLoad (0ms)
			EditorAssembliesLoaded (0ms)
		ExecutionOrderSort2 (0ms)
		AwakeInstancesAfterBackupRestoration (0ms)
========================================================================
Worker process is ready to serve import requests
Begin MonoManager ReloadAssembly
- Loaded All Assemblies, in  0.743 seconds
Refreshing native plugins compatible for Editor in 5.93 ms, found 3 plugins.
Native extension for WindowsStandalone target not found
Package Manager log level set to [2]
[Package Manager] Server::EnsureServerProcessIsRunning -- launch failed, reason: Unity was launched with the -noUpm command-line argument
[Package Manager] UpmClient::Send -- Unable to send message (not connected to UPM process).
[Package Manager] Cannot connect to Unity Package Manager local server
Mono: successfully reloaded assembly
- Finished resetting the current domain, in  0.662 seconds
Domain Reload Profiling: 1403ms
	BeginReloadAssembly (164ms)
		ExecutionOrderSort (0ms)
		DisableScriptedObjects (7ms)
		BackupInstance (0ms)
		ReleaseScriptingObjects (0ms)
		CreateAndSetChildDomain (25ms)
	RebuildCommonClasses (37ms)
	RebuildNativeTypeToScriptingClass (11ms)
	initialDomainReloadingComplete (46ms)
	LoadAllAssembliesAndSetupDomain (483ms)
		LoadAssemblies (370ms)
		RebuildTransferFunctionScriptingTraits (0ms)
		AnalyzeDomain (208ms)
			TypeCache.Refresh (185ms)
				TypeCache.ScanAssembly (165ms)
			ScanForSourceGeneratedMonoScriptInfo (16ms)
			ResolveRequiredComponents (5ms)
	FinalizeReload (663ms)
		ReleaseScriptCaches (0ms)
		RebuildScriptCaches (0ms)
		SetupLoadedEditorAssemblies (488ms)
			LogAssemblyErrors (0ms)
			InitializePlatformSupportModulesInManaged (6ms)
			SetLoadedEditorAssemblies (5ms)
			RefreshPlugins (0ms)
			BeforeProcessingInitializeOnLoad (67ms)
			ProcessInitializeOnLoadAttributes (380ms)
			ProcessInitializeOnLoadMethodAttributes (24ms)
			AfterProcessingInitializeOnLoad (6ms)
			EditorAssembliesLoaded (0ms)
		ExecutionOrderSort2 (0ms)
		AwakeInstancesAfterBackupRestoration (6ms)
Launched and connected shader compiler UnityShaderCompiler.exe after 0.04 seconds
Refreshing native plugins compatible for Editor in 5.86 ms, found 3 plugins.
Preloading 0 native plugins for Editor in 0.00 ms.
Unloading 3198 Unused Serialized files (Serialized files now loaded: 0)
Unloading 44 unused Assets / (63.9 KB). Loaded Objects now: 3663.
Memory consumption went from 201.6 MB to 201.5 MB.
Total: 3.393300 ms (FindLiveObjects: 0.272600 ms CreateObjectMapping: 0.254200 ms MarkObjects: 2.757100 ms  DeleteObjects: 0.108300 ms)

AssetImportParameters requested are different than current active one (requested -> active):
  custom:container-demuxer-ogg: 62fdf1f143b41e24485cea50d1cbac27 -> 
  custom:video-decoder-ogg-theora: a1e56fd34408186e4bbccfd4996cb3dc -> 
  custom:framework-win-MediaFoundation: 216162199b28c13a410421893ffa2e32 -> 
  custom:CustomObjectIndexerAttribute: 756ad292c208cfabdd7b50bc23989ffe -> 
  custom:container-demuxer-webm: 4f35f7cbe854078d1ac9338744f61a02 -> 
  custom:container-muxer-webm: aa71ff27fc2769a1b78a27578f13a17b -> 
  custom:video-decoder-webm-vp8: 9c59270c3fd7afecdb556c50c9e8de78 -> 
  custom:SearchIndexIgnoredProperties: e643bd26f0fe6173181afceb89e7c659 -> 
  custom:AudioImporter_EditorPlatform: d09bf68614088b80899f8185d706f6e7 -> 
  custom:video-encoder-webm-vp8: eb34c28f22e8b96e1ab97ce403110664 -> 
  custom:audio-decoder-ogg-vorbis: bf7c407c2cedff20999df2af8eb42d56 -> 
  custom:audio-encoder-webm-vorbis: bf7c407c2cedff20999df2af8eb42d56 -> 
========================================================================
Received Import Request.
  Time since last request: 539948.458673 seconds.
  path: Assets/sFuture Modules Pro/Materials/Background.mat
  artifactKey: Guid(87c33968c114a8e4083e3fa087ef83f1) Importer(815301076,1909f56bfc062723c751e8b465ee728b)
Start importing Assets/sFuture Modules Pro/Materials/Background.mat using Guid(87c33968c114a8e4083e3fa087ef83f1) Importer(815301076,1909f56bfc062723c751e8b465ee728b)  -> (artifact id: '7f3de773d0f06cadd1cdc36fdc796cb4') in 0.128506 seconds
Number of updated asset objects reloaded before import = 0
Number of asset objects unloaded after import = 1
========================================================================
Received Import Request.
  Time since last request: 1.035251 seconds.
  path: Assets/sFuture Modules Pro/Prefabs/2nd Floor/sFuture Modules Pro Ramp.prefab
  artifactKey: Guid(9b86c88921c07a847abe78b28cbffabf) Importer(815301076,1909f56bfc062723c751e8b465ee728b)
Start importing Assets/sFuture Modules Pro/Prefabs/2nd Floor/sFuture Modules Pro Ramp.prefab using Guid(9b86c88921c07a847abe78b28cbffabf) Importer(815301076,1909f56bfc062723c751e8b465ee728b)  -> (artifact id: '6eb4ae9f4c50fcbb940a60bcc6a8bd5d') in 0.323049 seconds
Number of updated asset objects reloaded before import = 0
Number of asset objects unloaded after import = 15
========================================================================
Received Import Request.
  Time since last request: 0.000015 seconds.
  path: Assets/sFuture Modules Pro/Prefabs/2nd Floor/sFuture Modules Pro Ramp Complete.prefab
  artifactKey: Guid(ac817a5eb7ff54b47b48e0aba37e8d3b) Importer(815301076,1909f56bfc062723c751e8b465ee728b)
Start importing Assets/sFuture Modules Pro/Prefabs/2nd Floor/sFuture Modules Pro Ramp Complete.prefab using Guid(ac817a5eb7ff54b47b48e0aba37e8d3b) Importer(815301076,1909f56bfc062723c751e8b465ee728b)  -> (artifact id: '1932709b23db2542c56f64212b596276') in 0.024109 seconds
Number of updated asset objects reloaded before import = 0
Number of asset objects unloaded after import = 24
========================================================================
Received Import Request.
  Time since last request: 0.926382 seconds.
  path: Assets/sFuture Modules Pro/Prefabs/45/sFuture Modules Pro 45 Frame Glass.prefab
  artifactKey: Guid(17086740568d06f47ab928229d2d6f55) Importer(815301076,1909f56bfc062723c751e8b465ee728b)
Start importing Assets/sFuture Modules Pro/Prefabs/45/sFuture Modules Pro 45 Frame Glass.prefab using Guid(17086740568d06f47ab928229d2d6f55) Importer(815301076,1909f56bfc062723c751e8b465ee728b)  -> (artifact id: '3e586a7af7318969f1b3709f9d3bdae1') in 0.190050 seconds
Number of updated asset objects reloaded before import = 0
Number of asset objects unloaded after import = 30
========================================================================
Received Import Request.
  Time since last request: 0.771990 seconds.
  path: Assets/sFuture Modules Pro/Prefabs/Core/sFuture Modules Pro Corner.prefab
  artifactKey: Guid(b7ffbb7115084fb45a4f02bdfba17d98) Importer(815301076,1909f56bfc062723c751e8b465ee728b)
Start importing Assets/sFuture Modules Pro/Prefabs/Core/sFuture Modules Pro Corner.prefab using Guid(b7ffbb7115084fb45a4f02bdfba17d98) Importer(815301076,1909f56bfc062723c751e8b465ee728b)  -> (artifact id: 'aa8fb8b12ebed24f9c14f7f9d1b3aecd') in 0.018545 seconds
Number of updated asset objects reloaded before import = 0
Number of asset objects unloaded after import = 14
========================================================================
Received Import Request.
  Time since last request: 0.000027 seconds.
  path: Assets/sFuture Modules Pro/Prefabs/Core/sFuture Modules Pro Panel 1x1 Hollow.prefab
  artifactKey: Guid(9b14529ca926db74a82a313c52b8e17f) Importer(815301076,1909f56bfc062723c751e8b465ee728b)
Start importing Assets/sFuture Modules Pro/Prefabs/Core/sFuture Modules Pro Panel 1x1 Hollow.prefab using Guid(9b14529ca926db74a82a313c52b8e17f) Importer(815301076,1909f56bfc062723c751e8b465ee728b)  -> (artifact id: 'a38688d0320376090660d41faa24566e') in 0.021385 seconds
Number of updated asset objects reloaded before import = 0
Number of asset objects unloaded after import = 23
========================================================================
Received Import Request.
  Time since last request: 0.000013 seconds.
  path: Assets/sFuture Modules Pro/Prefabs/Core/sFuture Modules Pro Panel 1x1 Plain.prefab
  artifactKey: Guid(3b317e8276e0b6e49b4a75f3643394a5) Importer(815301076,1909f56bfc062723c751e8b465ee728b)
Start importing Assets/sFuture Modules Pro/Prefabs/Core/sFuture Modules Pro Panel 1x1 Plain.prefab using Guid(3b317e8276e0b6e49b4a75f3643394a5) Importer(815301076,1909f56bfc062723c751e8b465ee728b)  -> (artifact id: 'f8f0f5ec5beb8f5869bf390e5095f4ea') in 0.020726 seconds
Number of updated asset objects reloaded before import = 0
Number of asset objects unloaded after import = 22
========================================================================
Received Import Request.
  Time since last request: 0.450792 seconds.
  path: Assets/sFuture Modules Pro/Prefabs/Tube/sFuture Modules Pro Tube 90.prefab
  artifactKey: Guid(9c3e099021905354e9ce84d4e9b2ee9e) Importer(815301076,1909f56bfc062723c751e8b465ee728b)
Start importing Assets/sFuture Modules Pro/Prefabs/Tube/sFuture Modules Pro Tube 90.prefab using Guid(9c3e099021905354e9ce84d4e9b2ee9e) Importer(815301076,1909f56bfc062723c751e8b465ee728b)  -> (artifact id: '5b2f96e48cac6c8256e562e602ffe9da') in 0.013278 seconds
Number of updated asset objects reloaded before import = 0
Number of asset objects unloaded after import = 8
========================================================================
Received Import Request.
  Time since last request: 0.000013 seconds.
  path: Assets/sFuture Modules Pro/Prefabs/Tube/sFuture Modules Pro Tube support ground.prefab
  artifactKey: Guid(4df604891e3d90e47975a1e0c134cb6b) Importer(815301076,1909f56bfc062723c751e8b465ee728b)
Start importing Assets/sFuture Modules Pro/Prefabs/Tube/sFuture Modules Pro Tube support ground.prefab using Guid(4df604891e3d90e47975a1e0c134cb6b) Importer(815301076,1909f56bfc062723c751e8b465ee728b)  -> (artifact id: '2605f94bc0f741702f44218b02eb7b43') in 0.015011 seconds
Number of updated asset objects reloaded before import = 0
Number of asset objects unloaded after import = 8
========================================================================
Received Import Request.
  Time since last request: 0.000013 seconds.
  path: Assets/sFuture Modules Pro/Prefabs/Tube/sFuture Modules Pro Tube seal outer.prefab
  artifactKey: Guid(6986c7010e28b7548ae6d3bffe9bac0e) Importer(815301076,1909f56bfc062723c751e8b465ee728b)
Start importing Assets/sFuture Modules Pro/Prefabs/Tube/sFuture Modules Pro Tube seal outer.prefab using Guid(6986c7010e28b7548ae6d3bffe9bac0e) Importer(815301076,1909f56bfc062723c751e8b465ee728b)  -> (artifact id: '74faac78f52f15cef0acc8bcb6c43c72') in 0.013025 seconds
Number of updated asset objects reloaded before import = 0
Number of asset objects unloaded after import = 8
========================================================================
Received Import Request.
  Time since last request: 0.000015 seconds.
  path: Assets/sFuture Modules Pro/Prefabs/Tube/sFuture Modules Pro Tube T.prefab
  artifactKey: Guid(68ca43ab45ebcd942bfaa5294dc12fd2) Importer(815301076,1909f56bfc062723c751e8b465ee728b)
Start importing Assets/sFuture Modules Pro/Prefabs/Tube/sFuture Modules Pro Tube T.prefab using Guid(68ca43ab45ebcd942bfaa5294dc12fd2) Importer(815301076,1909f56bfc062723c751e8b465ee728b)  -> (artifact id: 'b9774ea5e1694b557b19dbfc11cc5e60') in 0.013890 seconds
Number of updated asset objects reloaded before import = 0
Number of asset objects unloaded after import = 8
========================================================================
Received Import Request.
  Time since last request: 0.000018 seconds.
  path: Assets/sFuture Modules Pro/Prefabs/Tube/sFuture Modules Pro Tube Panel 1x1.prefab
  artifactKey: Guid(6c505715ded0d2e4792cfdb0f98ce413) Importer(815301076,1909f56bfc062723c751e8b465ee728b)
Start importing Assets/sFuture Modules Pro/Prefabs/Tube/sFuture Modules Pro Tube Panel 1x1.prefab using Guid(6c505715ded0d2e4792cfdb0f98ce413) Importer(815301076,1909f56bfc062723c751e8b465ee728b)  -> (artifact id: 'b998382db7c2a0a1b6a67afb1668abea') in 0.013840 seconds
Number of updated asset objects reloaded before import = 0
Number of asset objects unloaded after import = 8
========================================================================
Received Import Request.
  Time since last request: 5.884014 seconds.
  path: Assets/sFuture Modules Pro/Textures/Blue/sFuture Panel Arrows  Stop Thin Border_HeightMap.png
  artifactKey: Guid(1caf41f87effaca45932330b205e92be) Importer(815301076,1909f56bfc062723c751e8b465ee728b)
Start importing Assets/sFuture Modules Pro/Textures/Blue/sFuture Panel Arrows  Stop Thin Border_HeightMap.png using Guid(1caf41f87effaca45932330b205e92be) Importer(815301076,1909f56bfc062723c751e8b465ee728b)  -> (artifact id: '52c4420849256a5d0e80e5328ec8eb95') in 0.024244 seconds
Number of updated asset objects reloaded before import = 0
Number of asset objects unloaded after import = 2
========================================================================
Received Import Request.
  Time since last request: 0.000022 seconds.
  path: Assets/sFuture Modules Pro/Textures/Blue/sFuture Panel Holes Thin Border_HeightMap.png
  artifactKey: Guid(bfea46abad599cc4cb252bf7ad054573) Importer(815301076,1909f56bfc062723c751e8b465ee728b)
Start importing Assets/sFuture Modules Pro/Textures/Blue/sFuture Panel Holes Thin Border_HeightMap.png using Guid(bfea46abad599cc4cb252bf7ad054573) Importer(815301076,1909f56bfc062723c751e8b465ee728b)  -> (artifact id: 'b1a0bbced5c3c0ffe12447e21a9dcc40') in 0.017367 seconds
Number of updated asset objects reloaded before import = 0
Number of asset objects unloaded after import = 2
========================================================================
Received Import Request.
  Time since last request: 0.000018 seconds.
  path: Assets/sFuture Modules Pro/Textures/Blue/sFuture Panel Holes Thin Border_Emission.png
  artifactKey: Guid(fe639e87c8e450b4a80fd8b065273a1f) Importer(815301076,1909f56bfc062723c751e8b465ee728b)
Start importing Assets/sFuture Modules Pro/Textures/Blue/sFuture Panel Holes Thin Border_Emission.png using Guid(fe639e87c8e450b4a80fd8b065273a1f) Importer(815301076,1909f56bfc062723c751e8b465ee728b)  -> (artifact id: 'ab9ceca60d4bc73efa99c0cd66107916') in 0.010252 seconds
Number of updated asset objects reloaded before import = 0
Number of asset objects unloaded after import = 2
========================================================================
Received Import Request.
  Time since last request: 0.000017 seconds.
  path: Assets/sFuture Modules Pro/Textures/Blue/sFuture Panel Electronics 1 Thin Border_Albedo.tga
  artifactKey: Guid(6bb051d8580d8db4bb9574e8e1003097) Importer(815301076,1909f56bfc062723c751e8b465ee728b)
Start importing Assets/sFuture Modules Pro/Textures/Blue/sFuture Panel Electronics 1 Thin Border_Albedo.tga using Guid(6bb051d8580d8db4bb9574e8e1003097) Importer(815301076,1909f56bfc062723c751e8b465ee728b)  -> (artifact id: '760bd91fc3e681a2108335a6302abd15') in 0.017884 seconds
Number of updated asset objects reloaded before import = 0
Number of asset objects unloaded after import = 2
========================================================================
Received Import Request.
  Time since last request: 0.000014 seconds.
  path: Assets/sFuture Modules Pro/Textures/Blue/sFuture Panel Light 1 Thin Border_Albedo.tga
  artifactKey: Guid(6ac54c511fbcd0341b5ed0a3d1395c16) Importer(815301076,1909f56bfc062723c751e8b465ee728b)
Start importing Assets/sFuture Modules Pro/Textures/Blue/sFuture Panel Light 1 Thin Border_Albedo.tga using Guid(6ac54c511fbcd0341b5ed0a3d1395c16) Importer(815301076,1909f56bfc062723c751e8b465ee728b)  -> (artifact id: '08e21cbdb897873207e99b98847de477') in 0.016231 seconds
Number of updated asset objects reloaded before import = 0
Number of asset objects unloaded after import = 2
========================================================================
Received Import Request.
  Time since last request: 0.000024 seconds.
  path: Assets/sFuture Modules Pro/Textures/Blue/sFuture Panel Plain Thin Border_HeightMap.png
  artifactKey: Guid(bf3c5e01f93121344af4da53456674f9) Importer(815301076,1909f56bfc062723c751e8b465ee728b)
Start importing Assets/sFuture Modules Pro/Textures/Blue/sFuture Panel Plain Thin Border_HeightMap.png using Guid(bf3c5e01f93121344af4da53456674f9) Importer(815301076,1909f56bfc062723c751e8b465ee728b)  -> (artifact id: '6768da6f1a682332bddcdc3a86237286') in 0.016667 seconds
Number of updated asset objects reloaded before import = 0
Number of asset objects unloaded after import = 2
========================================================================
Received Import Request.
  Time since last request: 0.000029 seconds.
  path: Assets/sFuture Modules Pro/Textures/Blue/sFuture Panel Bumper Thin Border_Albedo.tga
  artifactKey: Guid(2c2d76f6e4fe1b7469dd7757723c35da) Importer(815301076,1909f56bfc062723c751e8b465ee728b)
Start importing Assets/sFuture Modules Pro/Textures/Blue/sFuture Panel Bumper Thin Border_Albedo.tga using Guid(2c2d76f6e4fe1b7469dd7757723c35da) Importer(815301076,1909f56bfc062723c751e8b465ee728b)  -> (artifact id: 'b7561229908d842e836c99e66a67e908') in 0.017682 seconds
Number of updated asset objects reloaded before import = 0
Number of asset objects unloaded after import = 2
========================================================================
Received Import Request.
  Time since last request: 0.000013 seconds.
  path: Assets/sFuture Modules Pro/Textures/Blue/sFuture Panel Bumper Light Thin Border_Occlusion.png
  artifactKey: Guid(bc3b7666cbc720949b4b346855715680) Importer(815301076,1909f56bfc062723c751e8b465ee728b)
Start importing Assets/sFuture Modules Pro/Textures/Blue/sFuture Panel Bumper Light Thin Border_Occlusion.png using Guid(bc3b7666cbc720949b4b346855715680) Importer(815301076,1909f56bfc062723c751e8b465ee728b)  -> (artifact id: '5b8a29416dcc9778579c4bf1de2fd05a') in 0.016286 seconds
Number of updated asset objects reloaded before import = 0
Number of asset objects unloaded after import = 2
========================================================================
Received Import Request.
  Time since last request: 0.000030 seconds.
  path: Assets/sFuture Modules Pro/Textures/Blue/sFuture Panel Arrows  Stop Thin Border_NormalMap.png
  artifactKey: Guid(56a0c867c9cf00f4fa2dfcffce333cef) Importer(815301076,1909f56bfc062723c751e8b465ee728b)
Start importing Assets/sFuture Modules Pro/Textures/Blue/sFuture Panel Arrows  Stop Thin Border_NormalMap.png using Guid(56a0c867c9cf00f4fa2dfcffce333cef) Importer(815301076,1909f56bfc062723c751e8b465ee728b)  -> (artifact id: '86d68d3280f5d04b5f702af1d758cd68') in 0.023527 seconds
Number of updated asset objects reloaded before import = 0
Number of asset objects unloaded after import = 2
========================================================================
Received Import Request.
  Time since last request: 0.000013 seconds.
  path: Assets/sFuture Modules Pro/Textures/Blue/sFuture Panel Arrows Thin Border_NormalMap.png
  artifactKey: Guid(4713055acc45e9a48bf0c7113f26f898) Importer(815301076,1909f56bfc062723c751e8b465ee728b)
Start importing Assets/sFuture Modules Pro/Textures/Blue/sFuture Panel Arrows Thin Border_NormalMap.png using Guid(4713055acc45e9a48bf0c7113f26f898) Importer(815301076,1909f56bfc062723c751e8b465ee728b)  -> (artifact id: 'd9373002332542b81498aad46bd320f4') in 0.016332 seconds
Number of updated asset objects reloaded before import = 0
Number of asset objects unloaded after import = 2
========================================================================
Received Import Request.
  Time since last request: 0.000034 seconds.
  path: Assets/sFuture Modules Pro/Textures/Blue/sFuture Panel Bumper Light Thin Border_Specular.tga
  artifactKey: Guid(f69f4f27ea1f54c4f9cde7cf09bc48cd) Importer(815301076,1909f56bfc062723c751e8b465ee728b)
Start importing Assets/sFuture Modules Pro/Textures/Blue/sFuture Panel Bumper Light Thin Border_Specular.tga using Guid(f69f4f27ea1f54c4f9cde7cf09bc48cd) Importer(815301076,1909f56bfc062723c751e8b465ee728b)  -> (artifact id: '0fb17baaf15c44d2d969710b43666244') in 0.017868 seconds
Number of updated asset objects reloaded before import = 0
Number of asset objects unloaded after import = 2
========================================================================
Received Import Request.
  Time since last request: 0.000026 seconds.
  path: Assets/sFuture Modules Pro/Textures/Blue/sFuture Panel Light 2 Thin Border_Occlusion.png
  artifactKey: Guid(05b44b2190ea7804db4fda787622da2d) Importer(815301076,1909f56bfc062723c751e8b465ee728b)
Start importing Assets/sFuture Modules Pro/Textures/Blue/sFuture Panel Light 2 Thin Border_Occlusion.png using Guid(05b44b2190ea7804db4fda787622da2d) Importer(815301076,1909f56bfc062723c751e8b465ee728b)  -> (artifact id: '029f5a0b749c39702d18230cf8b822bb') in 0.017803 seconds
Number of updated asset objects reloaded before import = 0
Number of asset objects unloaded after import = 2
========================================================================
Received Import Request.
  Time since last request: 0.000013 seconds.
  path: Assets/sFuture Modules Pro/Textures/Blue/sFuture Panel Light 1 Thin Border_Occlusion.png
  artifactKey: Guid(e403341afe32447499f3cf982e755ce0) Importer(815301076,1909f56bfc062723c751e8b465ee728b)
Start importing Assets/sFuture Modules Pro/Textures/Blue/sFuture Panel Light 1 Thin Border_Occlusion.png using Guid(e403341afe32447499f3cf982e755ce0) Importer(815301076,1909f56bfc062723c751e8b465ee728b)  -> (artifact id: 'a49e0ca1bef6a441bb02ff3315992004') in 0.018856 seconds
Number of updated asset objects reloaded before import = 0
Number of asset objects unloaded after import = 2
========================================================================
Received Import Request.
  Time since last request: 0.000033 seconds.
  path: Assets/sFuture Modules Pro/Textures/Blue/sFuture Panel Light 1 Thin Border_Specular.tga
  artifactKey: Guid(e10127d2d7257154e945c47bd17414ab) Importer(815301076,1909f56bfc062723c751e8b465ee728b)
Start importing Assets/sFuture Modules Pro/Textures/Blue/sFuture Panel Light 1 Thin Border_Specular.tga using Guid(e10127d2d7257154e945c47bd17414ab) Importer(815301076,1909f56bfc062723c751e8b465ee728b)  -> (artifact id: '596ee89332d72fe987fb52f33565c0ce') in 0.017243 seconds
Number of updated asset objects reloaded before import = 0
Number of asset objects unloaded after import = 2
========================================================================
Received Import Request.
  Time since last request: 0.000046 seconds.
  path: Assets/sFuture Modules Pro/Textures/Blue/sFuture Panel Light 2 Thin Border_HeightMap.png
  artifactKey: Guid(af6331446ff895b408f28696589605c7) Importer(815301076,1909f56bfc062723c751e8b465ee728b)
Start importing Assets/sFuture Modules Pro/Textures/Blue/sFuture Panel Light 2 Thin Border_HeightMap.png using Guid(af6331446ff895b408f28696589605c7) Importer(815301076,1909f56bfc062723c751e8b465ee728b)  -> (artifact id: 'f9be1bda81a878aea6e2b1165c11b81b') in 0.015975 seconds
Number of updated asset objects reloaded before import = 0
Number of asset objects unloaded after import = 2
========================================================================
Received Import Request.
  Time since last request: 0.000024 seconds.
  path: Assets/sFuture Modules Pro/Textures/Blue/sFuture Panel Light 2 Thin Border_Specular.tga
  artifactKey: Guid(62292e2c4193a474e8ca19fb9b3d9bb2) Importer(815301076,1909f56bfc062723c751e8b465ee728b)
Start importing Assets/sFuture Modules Pro/Textures/Blue/sFuture Panel Light 2 Thin Border_Specular.tga using Guid(62292e2c4193a474e8ca19fb9b3d9bb2) Importer(815301076,1909f56bfc062723c751e8b465ee728b)  -> (artifact id: '022f48419329d495fe2e24020d1f9b09') in 0.019174 seconds
Number of updated asset objects reloaded before import = 0
Number of asset objects unloaded after import = 2
========================================================================
Received Import Request.
  Time since last request: 0.000015 seconds.
  path: Assets/sFuture Modules Pro/Textures/Blue/sFuture Panel Arrows Thin Border_Specular.tga
  artifactKey: Guid(f09ad5feb692d1347a4c894bfe61e262) Importer(815301076,1909f56bfc062723c751e8b465ee728b)
Start importing Assets/sFuture Modules Pro/Textures/Blue/sFuture Panel Arrows Thin Border_Specular.tga using Guid(f09ad5feb692d1347a4c894bfe61e262) Importer(815301076,1909f56bfc062723c751e8b465ee728b)  -> (artifact id: '8c95f2979e7d526a30d81dc2344fa8c0') in 0.018335 seconds
Number of updated asset objects reloaded before import = 0
Number of asset objects unloaded after import = 2
========================================================================
Received Import Request.
  Time since last request: 0.000045 seconds.
  path: Assets/sFuture Modules Pro/Textures/Blue/sFuture Panel Plain Thin Border_NormalMap.png
  artifactKey: Guid(1e6534dfadf718b4dba5b23d11ca43e4) Importer(815301076,1909f56bfc062723c751e8b465ee728b)
Start importing Assets/sFuture Modules Pro/Textures/Blue/sFuture Panel Plain Thin Border_NormalMap.png using Guid(1e6534dfadf718b4dba5b23d11ca43e4) Importer(815301076,1909f56bfc062723c751e8b465ee728b)  -> (artifact id: '601b7232225870363fa8cfecf6f992c1') in 0.012153 seconds
Number of updated asset objects reloaded before import = 0
Number of asset objects unloaded after import = 2
========================================================================
Received Import Request.
  Time since last request: 0.000025 seconds.
  path: Assets/sFuture Modules Pro/Textures/Blue/sFuture Panel Bumper Thin Border_Specular.tga
  artifactKey: Guid(c318aef6057105b43b1e8f96a5b518d3) Importer(815301076,1909f56bfc062723c751e8b465ee728b)
Start importing Assets/sFuture Modules Pro/Textures/Blue/sFuture Panel Bumper Thin Border_Specular.tga using Guid(c318aef6057105b43b1e8f96a5b518d3) Importer(815301076,1909f56bfc062723c751e8b465ee728b)  -> (artifact id: 'c341dfb94a90a89c68ef621247a294f3') in 0.018015 seconds
Number of updated asset objects reloaded before import = 0
Number of asset objects unloaded after import = 2
========================================================================
Received Import Request.
  Time since last request: 0.159491 seconds.
  path: Assets/sFuture Modules Pro/Textures/Gold/sFuture Panel Arrows  Stop Thin Border_HeightMap.png
  artifactKey: Guid(1c51ee5ee36ee4146bc63e2bd31d496c) Importer(815301076,1909f56bfc062723c751e8b465ee728b)
Start importing Assets/sFuture Modules Pro/Textures/Gold/sFuture Panel Arrows  Stop Thin Border_HeightMap.png using Guid(1c51ee5ee36ee4146bc63e2bd31d496c) Importer(815301076,1909f56bfc062723c751e8b465ee728b)  -> (artifact id: '1139dcf62e1acec6597408ddec8b0d42') in 0.011131 seconds
Number of updated asset objects reloaded before import = 0
Number of asset objects unloaded after import = 2
========================================================================
Received Import Request.
  Time since last request: 0.000014 seconds.
  path: Assets/sFuture Modules Pro/Textures/Gold/sFuture Panel Bumper Light Thin Border_HeightMap.png
  artifactKey: Guid(0e0e437cdf75558408bec91ceb0aab10) Importer(815301076,1909f56bfc062723c751e8b465ee728b)
Start importing Assets/sFuture Modules Pro/Textures/Gold/sFuture Panel Bumper Light Thin Border_HeightMap.png using Guid(0e0e437cdf75558408bec91ceb0aab10) Importer(815301076,1909f56bfc062723c751e8b465ee728b)  -> (artifact id: '6fffe388e75ea326cbd2efa8ce8fd762') in 0.011080 seconds
Number of updated asset objects reloaded before import = 0
Number of asset objects unloaded after import = 2
========================================================================
Received Import Request.
  Time since last request: 0.000022 seconds.
  path: Assets/sFuture Modules Pro/Textures/Gold/sFuture Panel Plain Thin Border_HeightMap.png
  artifactKey: Guid(ea960913b3b76cf4199e33297eceee50) Importer(815301076,1909f56bfc062723c751e8b465ee728b)
Start importing Assets/sFuture Modules Pro/Textures/Gold/sFuture Panel Plain Thin Border_HeightMap.png using Guid(ea960913b3b76cf4199e33297eceee50) Importer(815301076,1909f56bfc062723c751e8b465ee728b)  -> (artifact id: 'e358e97a9c095b7e4e4b8cbf5547da5d') in 0.017207 seconds
Number of updated asset objects reloaded before import = 0
Number of asset objects unloaded after import = 2
========================================================================
Received Import Request.
  Time since last request: 0.000018 seconds.
  path: Assets/sFuture Modules Pro/Textures/Gold/sFuture Panel Arrows Thin Border_Emission.png
  artifactKey: Guid(21c7f302359891143ab051a71ec3200d) Importer(815301076,1909f56bfc062723c751e8b465ee728b)
Start importing Assets/sFuture Modules Pro/Textures/Gold/sFuture Panel Arrows Thin Border_Emission.png using Guid(21c7f302359891143ab051a71ec3200d) Importer(815301076,1909f56bfc062723c751e8b465ee728b)  -> (artifact id: 'cbb3cffda6fce9c65b6c13ccd5321f7f') in 0.010836 seconds
Number of updated asset objects reloaded before import = 0
Number of asset objects unloaded after import = 2
========================================================================
Received Import Request.
  Time since last request: 0.000054 seconds.
  path: Assets/sFuture Modules Pro/Textures/Gold/sFuture Panel Light 1 Thin Border_NormalMap.png
  artifactKey: Guid(bf45d01ccd32a6040aab92fabb7aaaf0) Importer(815301076,1909f56bfc062723c751e8b465ee728b)
Start importing Assets/sFuture Modules Pro/Textures/Gold/sFuture Panel Light 1 Thin Border_NormalMap.png using Guid(bf45d01ccd32a6040aab92fabb7aaaf0) Importer(815301076,1909f56bfc062723c751e8b465ee728b)  -> (artifact id: 'dabda49b2b8bc5f382cbb9b70041c3e7') in 0.017629 seconds
Number of updated asset objects reloaded before import = 0
Number of asset objects unloaded after import = 2
========================================================================
Received Import Request.
  Time since last request: 0.000029 seconds.
  path: Assets/sFuture Modules Pro/Textures/Gold/sFuture Panel Light 1 Thin Border_HeightMap.png
  artifactKey: Guid(36bd4673c16c4104fb2907bd62ff16fb) Importer(815301076,1909f56bfc062723c751e8b465ee728b)
Start importing Assets/sFuture Modules Pro/Textures/Gold/sFuture Panel Light 1 Thin Border_HeightMap.png using Guid(36bd4673c16c4104fb2907bd62ff16fb) Importer(815301076,1909f56bfc062723c751e8b465ee728b)  -> (artifact id: '25325a2ffc0933a77c8ca64206a3695f') in 0.010950 seconds
Number of updated asset objects reloaded before import = 0
Number of asset objects unloaded after import = 2
========================================================================
Received Import Request.
  Time since last request: 0.000030 seconds.
  path: Assets/sFuture Modules Pro/Textures/Gold/sFuture Panel Bumper Light Thin Border_Occlusion.png
  artifactKey: Guid(d1937bdd25ff1f041802b10474c41b19) Importer(815301076,1909f56bfc062723c751e8b465ee728b)
Start importing Assets/sFuture Modules Pro/Textures/Gold/sFuture Panel Bumper Light Thin Border_Occlusion.png using Guid(d1937bdd25ff1f041802b10474c41b19) Importer(815301076,1909f56bfc062723c751e8b465ee728b)  -> (artifact id: 'fd08e1b4933ce6c4aacdd19284b05080') in 0.010802 seconds
Number of updated asset objects reloaded before import = 0
Number of asset objects unloaded after import = 2
========================================================================
Received Import Request.
  Time since last request: 0.000029 seconds.
  path: Assets/sFuture Modules Pro/Textures/Gold/sFuture Panel Arrows  Stop Thin Border_Occlusion.png
  artifactKey: Guid(37fcb418c980a534eaf95dcf0b40af38) Importer(815301076,1909f56bfc062723c751e8b465ee728b)
Start importing Assets/sFuture Modules Pro/Textures/Gold/sFuture Panel Arrows  Stop Thin Border_Occlusion.png using Guid(37fcb418c980a534eaf95dcf0b40af38) Importer(815301076,1909f56bfc062723c751e8b465ee728b)  -> (artifact id: 'b44d025b38866d6b4e51180c0a83b2de') in 0.013018 seconds
Number of updated asset objects reloaded before import = 0
Number of asset objects unloaded after import = 2
========================================================================
Received Import Request.
  Time since last request: 0.000030 seconds.
  path: Assets/sFuture Modules Pro/Textures/Gold/sFuture Panel Electronics 1 Thin Border_Emission.png
  artifactKey: Guid(c3a3ed889d0e3a24484e0d9715e53409) Importer(815301076,1909f56bfc062723c751e8b465ee728b)
Start importing Assets/sFuture Modules Pro/Textures/Gold/sFuture Panel Electronics 1 Thin Border_Emission.png using Guid(c3a3ed889d0e3a24484e0d9715e53409) Importer(815301076,1909f56bfc062723c751e8b465ee728b)  -> (artifact id: '982b220dfee340f31de78d6d32809890') in 0.017168 seconds
Number of updated asset objects reloaded before import = 0
Number of asset objects unloaded after import = 2
========================================================================
Received Import Request.
  Time since last request: 0.000015 seconds.
  path: Assets/sFuture Modules Pro/Textures/Gold/sFuture Panel Plain Thin Border_NormalMap.png
  artifactKey: Guid(0bed8cd37040588468e556fba6d07179) Importer(815301076,1909f56bfc062723c751e8b465ee728b)
Start importing Assets/sFuture Modules Pro/Textures/Gold/sFuture Panel Plain Thin Border_NormalMap.png using Guid(0bed8cd37040588468e556fba6d07179) Importer(815301076,1909f56bfc062723c751e8b465ee728b)  -> (artifact id: '41e091b8ae0c206ed481226cd40f6e55') in 0.015975 seconds
Number of updated asset objects reloaded before import = 0
Number of asset objects unloaded after import = 2
========================================================================
Received Import Request.
  Time since last request: 0.000029 seconds.
  path: Assets/sFuture Modules Pro/Textures/Gold/sFuture Panel Electronics 1 Thin Border_HeightMap.png
  artifactKey: Guid(2cf5b3cc4624bf2469bb1efde3b67275) Importer(815301076,1909f56bfc062723c751e8b465ee728b)
Start importing Assets/sFuture Modules Pro/Textures/Gold/sFuture Panel Electronics 1 Thin Border_HeightMap.png using Guid(2cf5b3cc4624bf2469bb1efde3b67275) Importer(815301076,1909f56bfc062723c751e8b465ee728b)  -> (artifact id: '8dbe8fbf0d46c087a6299641a90c339b') in 0.018409 seconds
Number of updated asset objects reloaded before import = 0
Number of asset objects unloaded after import = 2
========================================================================
Received Import Request.
  Time since last request: 0.000013 seconds.
  path: Assets/sFuture Modules Pro/Textures/Gold/sFuture Panel Bumper Light Thin Border_Specular.tga
  artifactKey: Guid(8567c6a66194c70448315ff51b609226) Importer(815301076,1909f56bfc062723c751e8b465ee728b)
Start importing Assets/sFuture Modules Pro/Textures/Gold/sFuture Panel Bumper Light Thin Border_Specular.tga using Guid(8567c6a66194c70448315ff51b609226) Importer(815301076,1909f56bfc062723c751e8b465ee728b)  -> (artifact id: '1eeb9566719613bca039c601152d3a7c') in 0.018985 seconds
Number of updated asset objects reloaded before import = 0
Number of asset objects unloaded after import = 2
========================================================================
Received Import Request.
  Time since last request: 0.000017 seconds.
  path: Assets/sFuture Modules Pro/Textures/Gold/sFuture Panel Holes Thin Border_NormalMap.png
  artifactKey: Guid(809688d3091887843a743e30969f3c44) Importer(815301076,1909f56bfc062723c751e8b465ee728b)
Start importing Assets/sFuture Modules Pro/Textures/Gold/sFuture Panel Holes Thin Border_NormalMap.png using Guid(809688d3091887843a743e30969f3c44) Importer(815301076,1909f56bfc062723c751e8b465ee728b)  -> (artifact id: 'b82ce0ff27ec70d4211c67bbc2b078ab') in 0.018360 seconds
Number of updated asset objects reloaded before import = 0
Number of asset objects unloaded after import = 2
========================================================================
Received Import Request.
  Time since last request: 0.000015 seconds.
  path: Assets/sFuture Modules Pro/Textures/Gold/sFuture Panel Electronics 1 Thin Border_Occlusion.png
  artifactKey: Guid(0094558629e94e841a269f6a1ae80d02) Importer(815301076,1909f56bfc062723c751e8b465ee728b)
Start importing Assets/sFuture Modules Pro/Textures/Gold/sFuture Panel Electronics 1 Thin Border_Occlusion.png using Guid(0094558629e94e841a269f6a1ae80d02) Importer(815301076,1909f56bfc062723c751e8b465ee728b)  -> (artifact id: '4cbd12f2d4f4f63af3f98e3f17f8bee7') in 0.019512 seconds
Number of updated asset objects reloaded before import = 0
Number of asset objects unloaded after import = 2
========================================================================
Received Import Request.
  Time since last request: 0.000018 seconds.
  path: Assets/sFuture Modules Pro/Textures/Gold/sFuture Panel Light 2 Thin Border_Specular.tga
  artifactKey: Guid(b3586e33a95183443abc711a30e9c7ce) Importer(815301076,1909f56bfc062723c751e8b465ee728b)
Start importing Assets/sFuture Modules Pro/Textures/Gold/sFuture Panel Light 2 Thin Border_Specular.tga using Guid(b3586e33a95183443abc711a30e9c7ce) Importer(815301076,1909f56bfc062723c751e8b465ee728b)  -> (artifact id: '22f6e3926c550898f1740a91bacaf527') in 0.018762 seconds
Number of updated asset objects reloaded before import = 0
Number of asset objects unloaded after import = 2
========================================================================
Received Import Request.
  Time since last request: 0.000043 seconds.
  path: Assets/sFuture Modules Pro/Textures/Gold/sFuture Panel Bumper Thin Border_Albedo.tga
  artifactKey: Guid(0d2b05bc62adf5c4a9d7d11488fb52a7) Importer(815301076,1909f56bfc062723c751e8b465ee728b)
Start importing Assets/sFuture Modules Pro/Textures/Gold/sFuture Panel Bumper Thin Border_Albedo.tga using Guid(0d2b05bc62adf5c4a9d7d11488fb52a7) Importer(815301076,1909f56bfc062723c751e8b465ee728b)  -> (artifact id: '86c4f51bc606acfa82196df54b724cf8') in 0.016376 seconds
Number of updated asset objects reloaded before import = 0
Number of asset objects unloaded after import = 2
========================================================================
Received Import Request.
  Time since last request: 0.000023 seconds.
  path: Assets/sFuture Modules Pro/Textures/Gold/sFuture Panel Bumper Thin Border_Specular.tga
  artifactKey: Guid(2900e2fe25247db4fb811ef46ebb7485) Importer(815301076,1909f56bfc062723c751e8b465ee728b)
Start importing Assets/sFuture Modules Pro/Textures/Gold/sFuture Panel Bumper Thin Border_Specular.tga using Guid(2900e2fe25247db4fb811ef46ebb7485) Importer(815301076,1909f56bfc062723c751e8b465ee728b)  -> (artifact id: '7856d4a3067f0fc43e5b3533e09f724d') in 0.018368 seconds
Number of updated asset objects reloaded before import = 0
Number of asset objects unloaded after import = 2
========================================================================
Received Import Request.
  Time since last request: 0.158287 seconds.
  path: Assets/sFuture Modules Pro/Textures/White/sFuture Panel  2 Blackstripes Thin Border_HeightMap.png
  artifactKey: Guid(efdd6daa50df47248a785427c3cdf17e) Importer(815301076,1909f56bfc062723c751e8b465ee728b)
Start importing Assets/sFuture Modules Pro/Textures/White/sFuture Panel  2 Blackstripes Thin Border_HeightMap.png using Guid(efdd6daa50df47248a785427c3cdf17e) Importer(815301076,1909f56bfc062723c751e8b465ee728b)  -> (artifact id: 'bfc423fc2d4ef51d7c75b43fbb82b50c') in 0.016927 seconds
Number of updated asset objects reloaded before import = 0
Number of asset objects unloaded after import = 2
========================================================================
Received Import Request.
  Time since last request: 0.000014 seconds.
  path: Assets/sFuture Modules Pro/Textures/White/sFuture Panel Bumper Light Thin Border_Specular.tga
  artifactKey: Guid(ba3a5b6b570eca14a95965128174d4f2) Importer(815301076,1909f56bfc062723c751e8b465ee728b)
Start importing Assets/sFuture Modules Pro/Textures/White/sFuture Panel Bumper Light Thin Border_Specular.tga using Guid(ba3a5b6b570eca14a95965128174d4f2) Importer(815301076,1909f56bfc062723c751e8b465ee728b)  -> (artifact id: 'ca568ffd1aedd34bacec31f290aacdff') in 0.019743 seconds
Number of updated asset objects reloaded before import = 0
Number of asset objects unloaded after import = 2
========================================================================
Received Import Request.
  Time since last request: 0.000016 seconds.
  path: Assets/sFuture Modules Pro/Textures/White/sFuture Panel Light 2 Thin Border_Albedo.tga
  artifactKey: Guid(86afd749c37b9874a98b4a897168e7ed) Importer(815301076,1909f56bfc062723c751e8b465ee728b)
Start importing Assets/sFuture Modules Pro/Textures/White/sFuture Panel Light 2 Thin Border_Albedo.tga using Guid(86afd749c37b9874a98b4a897168e7ed) Importer(815301076,1909f56bfc062723c751e8b465ee728b)  -> (artifact id: 'bc8dccaff50840e83e24d88605838322') in 0.020108 seconds
Number of updated asset objects reloaded before import = 0
Number of asset objects unloaded after import = 2
========================================================================
Received Import Request.
  Time since last request: 0.000019 seconds.
  path: Assets/sFuture Modules Pro/Textures/White/sFuture Panel Bumper Thin Border_Albedo.tga
  artifactKey: Guid(60dba9fff63dbad47a14fa7734c410b7) Importer(815301076,1909f56bfc062723c751e8b465ee728b)
Start importing Assets/sFuture Modules Pro/Textures/White/sFuture Panel Bumper Thin Border_Albedo.tga using Guid(60dba9fff63dbad47a14fa7734c410b7) Importer(815301076,1909f56bfc062723c751e8b465ee728b)  -> (artifact id: '8751eb992ec33cca374865e1a870bdc0') in 0.023511 seconds
Number of updated asset objects reloaded before import = 0
Number of asset objects unloaded after import = 2
========================================================================
Received Import Request.
  Time since last request: 0.000026 seconds.
  path: Assets/sFuture Modules Pro/Textures/White/sFuture Panel Bumper Light Thin Border_Occlusion.png
  artifactKey: Guid(6c74a55fb30fc274f9b4f80215db5da8) Importer(815301076,1909f56bfc062723c751e8b465ee728b)
Start importing Assets/sFuture Modules Pro/Textures/White/sFuture Panel Bumper Light Thin Border_Occlusion.png using Guid(6c74a55fb30fc274f9b4f80215db5da8) Importer(815301076,1909f56bfc062723c751e8b465ee728b)  -> (artifact id: '83d7cd913412e3ef6ecc8a71858ff709') in 0.013405 seconds
Number of updated asset objects reloaded before import = 0
Number of asset objects unloaded after import = 2
========================================================================
Received Import Request.
  Time since last request: 0.000026 seconds.
  path: Assets/sFuture Modules Pro/Textures/White/sFuture Panel Light 1 Thin Border_Occlusion.png
  artifactKey: Guid(47bd40e4982062641a15a60a6e6a6af6) Importer(815301076,1909f56bfc062723c751e8b465ee728b)
Start importing Assets/sFuture Modules Pro/Textures/White/sFuture Panel Light 1 Thin Border_Occlusion.png using Guid(47bd40e4982062641a15a60a6e6a6af6) Importer(815301076,1909f56bfc062723c751e8b465ee728b)  -> (artifact id: 'b9057c55e8d14d4d8168fbd1505fe749') in 0.010541 seconds
Number of updated asset objects reloaded before import = 0
Number of asset objects unloaded after import = 2
========================================================================
Received Import Request.
  Time since last request: 0.000016 seconds.
  path: Assets/sFuture Modules Pro/Textures/White/sFuture Panel Arrows Thin Border_HeightMap.png
  artifactKey: Guid(0ceb635b78a9b9f49815e2c95d6b49a4) Importer(815301076,1909f56bfc062723c751e8b465ee728b)
Start importing Assets/sFuture Modules Pro/Textures/White/sFuture Panel Arrows Thin Border_HeightMap.png using Guid(0ceb635b78a9b9f49815e2c95d6b49a4) Importer(815301076,1909f56bfc062723c751e8b465ee728b)  -> (artifact id: 'ea2219589f64d0757961a7ebd4614d73') in 0.011081 seconds
Number of updated asset objects reloaded before import = 0
Number of asset objects unloaded after import = 2
========================================================================
Received Import Request.
  Time since last request: 0.000012 seconds.
  path: Assets/sFuture Modules Pro/Textures/White/sFuture Panel Light 2 Thin Border_HeightMap.png
  artifactKey: Guid(5d54ace6c40077b46995223241d589b8) Importer(815301076,1909f56bfc062723c751e8b465ee728b)
Start importing Assets/sFuture Modules Pro/Textures/White/sFuture Panel Light 2 Thin Border_HeightMap.png using Guid(5d54ace6c40077b46995223241d589b8) Importer(815301076,1909f56bfc062723c751e8b465ee728b)  -> (artifact id: '4ffa4561cda01591bb83381013ea37d4') in 0.013943 seconds
Number of updated asset objects reloaded before import = 0
Number of asset objects unloaded after import = 2
========================================================================
Received Import Request.
  Time since last request: 0.000019 seconds.
  path: Assets/sFuture Modules Pro/Textures/White/sFuture Panel Holes Thin Border_Albedo.tga
  artifactKey: Guid(d77423de342b31049aa74382cdeb185f) Importer(815301076,1909f56bfc062723c751e8b465ee728b)
Start importing Assets/sFuture Modules Pro/Textures/White/sFuture Panel Holes Thin Border_Albedo.tga using Guid(d77423de342b31049aa74382cdeb185f) Importer(815301076,1909f56bfc062723c751e8b465ee728b)  -> (artifact id: '7e226ed6e1b87e595b143a034dd6d679') in 0.019159 seconds
Number of updated asset objects reloaded before import = 0
Number of asset objects unloaded after import = 2
========================================================================
Received Import Request.
  Time since last request: 0.000016 seconds.
  path: Assets/sFuture Modules Pro/Textures/White/sFuture Panel Arrows  Stop Thin Border_Occlusion.png
  artifactKey: Guid(cebe431f05f40774a97dc897643c2520) Importer(815301076,1909f56bfc062723c751e8b465ee728b)
Start importing Assets/sFuture Modules Pro/Textures/White/sFuture Panel Arrows  Stop Thin Border_Occlusion.png using Guid(cebe431f05f40774a97dc897643c2520) Importer(815301076,1909f56bfc062723c751e8b465ee728b)  -> (artifact id: 'efcbb88dcb691faecfe05ae9f1460764') in 0.012271 seconds
Number of updated asset objects reloaded before import = 0
Number of asset objects unloaded after import = 2
========================================================================
Received Import Request.
  Time since last request: 0.000013 seconds.
  path: Assets/sFuture Modules Pro/Textures/White/sFuture Panel Bumper Light Thin Border_Emission.png
  artifactKey: Guid(7e5223fcdcd268a4eb19b429eea9a087) Importer(815301076,1909f56bfc062723c751e8b465ee728b)
Start importing Assets/sFuture Modules Pro/Textures/White/sFuture Panel Bumper Light Thin Border_Emission.png using Guid(7e5223fcdcd268a4eb19b429eea9a087) Importer(815301076,1909f56bfc062723c751e8b465ee728b)  -> (artifact id: '1c83e34d9475f9c4ea089f5aba0ef012') in 0.018782 seconds
Number of updated asset objects reloaded before import = 0
Number of asset objects unloaded after import = 2
========================================================================
Received Import Request.
  Time since last request: 0.000015 seconds.
  path: Assets/sFuture Modules Pro/Textures/White/sFuture Panel Light 1 Thin Border_Albedo.tga
  artifactKey: Guid(437c6356b41039344a96a3f01a6b8199) Importer(815301076,1909f56bfc062723c751e8b465ee728b)
Start importing Assets/sFuture Modules Pro/Textures/White/sFuture Panel Light 1 Thin Border_Albedo.tga using Guid(437c6356b41039344a96a3f01a6b8199) Importer(815301076,1909f56bfc062723c751e8b465ee728b)  -> (artifact id: '0bb595672dc4b43cf662feb5c0581ddd') in 0.017670 seconds
Number of updated asset objects reloaded before import = 0
Number of asset objects unloaded after import = 2
========================================================================
Received Import Request.
  Time since last request: 0.000017 seconds.
  path: Assets/sFuture Modules Pro/Textures/White/sFuture Panel Light 1 Thin Border_Specular.tga
  artifactKey: Guid(ba39cfec7a7c4a04588e0b3e0a3d8909) Importer(815301076,1909f56bfc062723c751e8b465ee728b)
Start importing Assets/sFuture Modules Pro/Textures/White/sFuture Panel Light 1 Thin Border_Specular.tga using Guid(ba39cfec7a7c4a04588e0b3e0a3d8909) Importer(815301076,1909f56bfc062723c751e8b465ee728b)  -> (artifact id: '32d0691f08e2cf4fa7ef1e66784ed898') in 0.021438 seconds
Number of updated asset objects reloaded before import = 0
Number of asset objects unloaded after import = 2
========================================================================
Received Import Request.
  Time since last request: 0.000023 seconds.
  path: Assets/sFuture Modules Pro/Textures/White/sFuture Panel Holes Thin Border_Emission.png
  artifactKey: Guid(e4e7cdb4d44b30c45a0f79b1fda3c7f2) Importer(815301076,1909f56bfc062723c751e8b465ee728b)
Start importing Assets/sFuture Modules Pro/Textures/White/sFuture Panel Holes Thin Border_Emission.png using Guid(e4e7cdb4d44b30c45a0f79b1fda3c7f2) Importer(815301076,1909f56bfc062723c751e8b465ee728b)  -> (artifact id: '068e114f0dacbefb64e9e33e786fba13') in 0.011808 seconds
Number of updated asset objects reloaded before import = 0
Number of asset objects unloaded after import = 2
========================================================================
Received Import Request.
  Time since last request: 0.000028 seconds.
  path: Assets/sFuture Modules Pro/Textures/White/sFuture Panel Arrows  Stop Thin Border_Specular.tga
  artifactKey: Guid(4b9e7dccfbf4c5345b1c7098d9e73879) Importer(815301076,1909f56bfc062723c751e8b465ee728b)
Start importing Assets/sFuture Modules Pro/Textures/White/sFuture Panel Arrows  Stop Thin Border_Specular.tga using Guid(4b9e7dccfbf4c5345b1c7098d9e73879) Importer(815301076,1909f56bfc062723c751e8b465ee728b)  -> (artifact id: 'd7314fc4b4a97493f15c92b989ec015b') in 0.020779 seconds
Number of updated asset objects reloaded before import = 0
Number of asset objects unloaded after import = 2
========================================================================
Received Import Request.
  Time since last request: 0.000016 seconds.
  path: Assets/sFuture Modules Pro/Textures/White/sFuture Panel Holes Thin Border_NormalMap.png
  artifactKey: Guid(0320ea40bac0c6a47bf91d2377d22cbf) Importer(815301076,1909f56bfc062723c751e8b465ee728b)
Start importing Assets/sFuture Modules Pro/Textures/White/sFuture Panel Holes Thin Border_NormalMap.png using Guid(0320ea40bac0c6a47bf91d2377d22cbf) Importer(815301076,1909f56bfc062723c751e8b465ee728b)  -> (artifact id: '6b15bbf875960de00109617114e2eeb0') in 0.020134 seconds
Number of updated asset objects reloaded before import = 0
Number of asset objects unloaded after import = 2
========================================================================
Received Import Request.
  Time since last request: 0.000021 seconds.
  path: Assets/sFuture Modules Pro/Textures/White/sFuture Panel Electronics 1 Thin Border_Albedo.tga
  artifactKey: Guid(cbc78a4979da4fd44ba042820c01327f) Importer(815301076,1909f56bfc062723c751e8b465ee728b)
Start importing Assets/sFuture Modules Pro/Textures/White/sFuture Panel Electronics 1 Thin Border_Albedo.tga using Guid(cbc78a4979da4fd44ba042820c01327f) Importer(815301076,1909f56bfc062723c751e8b465ee728b)  -> (artifact id: 'df754920d9432dc29f94acbfee456c40') in 0.019643 seconds
Number of updated asset objects reloaded before import = 0
Number of asset objects unloaded after import = 2
========================================================================
Received Import Request.
  Time since last request: 3.382407 seconds.
  path: Assets/sFuture Modules Pro/Models/45/sFuture Modules Pro 45 Inner corner.FBX
  artifactKey: Guid(6cd38fa304b13d44684017fbbd9f961d) Importer(815301076,1909f56bfc062723c751e8b465ee728b)
Start importing Assets/sFuture Modules Pro/Models/45/sFuture Modules Pro 45 Inner corner.FBX using Guid(6cd38fa304b13d44684017fbbd9f961d) Importer(815301076,1909f56bfc062723c751e8b465ee728b)  -> (artifact id: 'f9ac8b6a15904ff3095b13d32f8fd605') in 0.035965 seconds
Number of updated asset objects reloaded before import = 0
Number of asset objects unloaded after import = 7
========================================================================
Received Import Request.
  Time since last request: 0.000017 seconds.
  path: Assets/sFuture Modules Pro/Models/45/sFuture Modules Pro 45 Outer border.FBX
  artifactKey: Guid(bb67740c86fed364387b03e014c2dcd2) Importer(815301076,1909f56bfc062723c751e8b465ee728b)
Start importing Assets/sFuture Modules Pro/Models/45/sFuture Modules Pro 45 Outer border.FBX using Guid(bb67740c86fed364387b03e014c2dcd2) Importer(815301076,1909f56bfc062723c751e8b465ee728b)  -> (artifact id: '0e95806c225a4af4d2813f3bcbb06e72') in 0.019977 seconds
Number of updated asset objects reloaded before import = 0
Number of asset objects unloaded after import = 7
========================================================================
Received Import Request.
  Time since last request: 0.000018 seconds.
  path: Assets/sFuture Modules Pro/Models/45/sFuture Modules Pro 45 Wall.FBX
  artifactKey: Guid(ee7565aa7a6634246ba48e22850dd10b) Importer(815301076,1909f56bfc062723c751e8b465ee728b)
Start importing Assets/sFuture Modules Pro/Models/45/sFuture Modules Pro 45 Wall.FBX using Guid(ee7565aa7a6634246ba48e22850dd10b) Importer(815301076,1909f56bfc062723c751e8b465ee728b)  -> (artifact id: 'f009e793a6e15766c12fb37675a4c50f') in 0.026440 seconds
Number of updated asset objects reloaded before import = 0
Number of asset objects unloaded after import = 9
========================================================================
Received Import Request.
  Time since last request: 0.345102 seconds.
  path: Assets/sFuture Modules Pro/Models/2nd floor/sFuture Modules Pro Ramp Rail.FBX
  artifactKey: Guid(c3b984c8e31eec14aa8a2572d855271c) Importer(815301076,1909f56bfc062723c751e8b465ee728b)
Start importing Assets/sFuture Modules Pro/Models/2nd floor/sFuture Modules Pro Ramp Rail.FBX using Guid(c3b984c8e31eec14aa8a2572d855271c) Importer(815301076,1909f56bfc062723c751e8b465ee728b)  -> (artifact id: '4a8d38c1422ba218d2520fefbcf1e919') in 0.022830 seconds
Number of updated asset objects reloaded before import = 0
Number of asset objects unloaded after import = 7
========================================================================
Received Import Request.
  Time since last request: 3.065460 seconds.
  path: Assets/sFuture Modules Pro/Models/Core/sFuture Modules Pro Frame 1x1.FBX
  artifactKey: Guid(683ed7264a656d4418cb4f160a6a5b45) Importer(815301076,1909f56bfc062723c751e8b465ee728b)
Start importing Assets/sFuture Modules Pro/Models/Core/sFuture Modules Pro Frame 1x1.FBX using Guid(683ed7264a656d4418cb4f160a6a5b45) Importer(815301076,1909f56bfc062723c751e8b465ee728b)  -> (artifact id: '2f26197d06eb8228b62d4636d47b112a') in 0.018398 seconds
Number of updated asset objects reloaded before import = 0
Number of asset objects unloaded after import = 7
========================================================================
Received Import Request.
  Time since last request: 0.000029 seconds.
  path: Assets/sFuture Modules Pro/Models/Core/sFuture Modules Pro Panel 1x1 Hollow.FBX
  artifactKey: Guid(ab731eaa5a499634ab03f642af64ee6e) Importer(815301076,1909f56bfc062723c751e8b465ee728b)
Start importing Assets/sFuture Modules Pro/Models/Core/sFuture Modules Pro Panel 1x1 Hollow.FBX using Guid(ab731eaa5a499634ab03f642af64ee6e) Importer(815301076,1909f56bfc062723c751e8b465ee728b)  -> (artifact id: '148bb0a6064d1a3e526524a0d7be13ff') in 0.021478 seconds
Number of updated asset objects reloaded before import = 0
Number of asset objects unloaded after import = 7
========================================================================
Received Import Request.
  Time since last request: 0.412604 seconds.
  path: Assets/sFuture Modules Pro/Models/Tube/sFuture Modules Pro Tube Innerseal.FBX
  artifactKey: Guid(a9090608644bad14188bdad5604db53c) Importer(815301076,1909f56bfc062723c751e8b465ee728b)
Start importing Assets/sFuture Modules Pro/Models/Tube/sFuture Modules Pro Tube Innerseal.FBX using Guid(a9090608644bad14188bdad5604db53c) Importer(815301076,1909f56bfc062723c751e8b465ee728b)  -> (artifact id: '5fcd0d6b880124bd61cd3cf306e03245') in 0.017196 seconds
Number of updated asset objects reloaded before import = 0
Number of asset objects unloaded after import = 8
========================================================================
Received Import Request.
  Time since last request: 0.000030 seconds.
  path: Assets/sFuture Modules Pro/Models/Tube/sFuture Modules Pro Tube seal outer.FBX
  artifactKey: Guid(8a9764aa93972df4aa1a985dac63ffcc) Importer(815301076,1909f56bfc062723c751e8b465ee728b)
Start importing Assets/sFuture Modules Pro/Models/Tube/sFuture Modules Pro Tube seal outer.FBX using Guid(8a9764aa93972df4aa1a985dac63ffcc) Importer(815301076,1909f56bfc062723c751e8b465ee728b)  -> (artifact id: '8b399425ba97b0ee891c6ddcb0d8b076') in 0.017925 seconds
Number of updated asset objects reloaded before import = 0
Number of asset objects unloaded after import = 8
========================================================================
Received Import Request.
  Time since last request: 0.000013 seconds.
  path: Assets/sFuture Modules Pro/Models/Tube/sFuture Modules Pro Tube T.FBX
  artifactKey: Guid(e1b300e5c1ad93149b9a8f11a3eb239e) Importer(815301076,1909f56bfc062723c751e8b465ee728b)
Start importing Assets/sFuture Modules Pro/Models/Tube/sFuture Modules Pro Tube T.FBX using Guid(e1b300e5c1ad93149b9a8f11a3eb239e) Importer(815301076,1909f56bfc062723c751e8b465ee728b)  -> (artifact id: 'd6deeadfd1e8b9f9a7c927175dd28961') in 0.018784 seconds
Number of updated asset objects reloaded before import = 0
Number of asset objects unloaded after import = 8
========================================================================
Received Prepare
Begin MonoManager ReloadAssembly
- Loaded All Assemblies, in  0.458 seconds
Refreshing native plugins compatible for Editor in 4.59 ms, found 3 plugins.
Native extension for WindowsStandalone target not found
[Package Manager] Server::EnsureServerProcessIsRunning -- launch failed, reason: Unity was launched with the -noUpm command-line argument
[Package Manager] UpmClient::Send -- Unable to send message (not connected to UPM process).
[Package Manager] Cannot connect to Unity Package Manager local server
Mono: successfully reloaded assembly
- Finished resetting the current domain, in  0.838 seconds
Domain Reload Profiling: 1294ms
	BeginReloadAssembly (177ms)
		ExecutionOrderSort (0ms)
		DisableScriptedObjects (5ms)
		BackupInstance (0ms)
		ReleaseScriptingObjects (0ms)
		CreateAndSetChildDomain (43ms)
	RebuildCommonClasses (34ms)
	RebuildNativeTypeToScriptingClass (12ms)
	initialDomainReloadingComplete (30ms)
	LoadAllAssembliesAndSetupDomain (202ms)
		LoadAssemblies (287ms)
		RebuildTransferFunctionScriptingTraits (0ms)
		AnalyzeDomain (13ms)
			TypeCache.Refresh (6ms)
				TypeCache.ScanAssembly (0ms)
			ScanForSourceGeneratedMonoScriptInfo (0ms)
			ResolveRequiredComponents (5ms)
	FinalizeReload (839ms)
		ReleaseScriptCaches (0ms)
		RebuildScriptCaches (0ms)
		SetupLoadedEditorAssemblies (408ms)
			LogAssemblyErrors (0ms)
			InitializePlatformSupportModulesInManaged (5ms)
			SetLoadedEditorAssemblies (3ms)
			RefreshPlugins (0ms)
			BeforeProcessingInitializeOnLoad (59ms)
			ProcessInitializeOnLoadAttributes (317ms)
			ProcessInitializeOnLoadMethodAttributes (18ms)
			AfterProcessingInitializeOnLoad (6ms)
			EditorAssembliesLoaded (0ms)
		ExecutionOrderSort2 (0ms)
		AwakeInstancesAfterBackupRestoration (5ms)
Refreshing native plugins compatible for Editor in 6.15 ms, found 3 plugins.
Preloading 0 native plugins for Editor in 0.00 ms.
Unloading 3177 Unused Serialized files (Serialized files now loaded: 0)
Unloading 34 unused Assets / (37.4 KB). Loaded Objects now: 3715.
Memory consumption went from 204.3 MB to 204.3 MB.
Total: 3.049000 ms (FindLiveObjects: 0.272900 ms CreateObjectMapping: 0.283400 ms MarkObjects: 2.428300 ms  DeleteObjects: 0.063700 ms)

Prepare: number of updated asset objects reloaded= 0
AssetImportParameters requested are different than current active one (requested -> active):
  custom:container-demuxer-ogg: 62fdf1f143b41e24485cea50d1cbac27 -> 
  custom:video-decoder-ogg-theora: a1e56fd34408186e4bbccfd4996cb3dc -> 
  custom:framework-win-MediaFoundation: 216162199b28c13a410421893ffa2e32 -> 
  custom:CustomObjectIndexerAttribute: 756ad292c208cfabdd7b50bc23989ffe -> 
  custom:container-demuxer-webm: 4f35f7cbe854078d1ac9338744f61a02 -> 
  custom:container-muxer-webm: aa71ff27fc2769a1b78a27578f13a17b -> 
  custom:video-decoder-webm-vp8: 9c59270c3fd7afecdb556c50c9e8de78 -> 
  custom:SearchIndexIgnoredProperties: e643bd26f0fe6173181afceb89e7c659 -> 
  custom:AudioImporter_EditorPlatform: d09bf68614088b80899f8185d706f6e7 -> 
  custom:video-encoder-webm-vp8: eb34c28f22e8b96e1ab97ce403110664 -> 
  custom:audio-decoder-ogg-vorbis: bf7c407c2cedff20999df2af8eb42d56 -> 
  custom:audio-encoder-webm-vorbis: bf7c407c2cedff20999df2af8eb42d56 -> 
========================================================================
Received Prepare
Begin MonoManager ReloadAssembly
- Loaded All Assemblies, in  0.436 seconds
Refreshing native plugins compatible for Editor in 4.62 ms, found 3 plugins.
Native extension for WindowsStandalone target not found
[Package Manager] Server::EnsureServerProcessIsRunning -- launch failed, reason: Unity was launched with the -noUpm command-line argument
[Package Manager] UpmClient::Send -- Unable to send message (not connected to UPM process).
[Package Manager] Cannot connect to Unity Package Manager local server
Mono: successfully reloaded assembly
- Finished resetting the current domain, in  0.799 seconds
Domain Reload Profiling: 1232ms
	BeginReloadAssembly (149ms)
		ExecutionOrderSort (0ms)
		DisableScriptedObjects (5ms)
		BackupInstance (0ms)
		ReleaseScriptingObjects (0ms)
		CreateAndSetChildDomain (31ms)
	RebuildCommonClasses (32ms)
	RebuildNativeTypeToScriptingClass (11ms)
	initialDomainReloadingComplete (37ms)
	LoadAllAssembliesAndSetupDomain (204ms)
		LoadAssemblies (272ms)
		RebuildTransferFunctionScriptingTraits (0ms)
		AnalyzeDomain (13ms)
			TypeCache.Refresh (6ms)
				TypeCache.ScanAssembly (0ms)
			ScanForSourceGeneratedMonoScriptInfo (0ms)
			ResolveRequiredComponents (5ms)
	FinalizeReload (799ms)
		ReleaseScriptCaches (0ms)
		RebuildScriptCaches (0ms)
		SetupLoadedEditorAssemblies (399ms)
			LogAssemblyErrors (0ms)
			InitializePlatformSupportModulesInManaged (6ms)
			SetLoadedEditorAssemblies (3ms)
			RefreshPlugins (0ms)
			BeforeProcessingInitializeOnLoad (59ms)
			ProcessInitializeOnLoadAttributes (306ms)
			ProcessInitializeOnLoadMethodAttributes (19ms)
			AfterProcessingInitializeOnLoad (6ms)
			EditorAssembliesLoaded (0ms)
		ExecutionOrderSort2 (0ms)
		AwakeInstancesAfterBackupRestoration (6ms)
Refreshing native plugins compatible for Editor in 5.57 ms, found 3 plugins.
Preloading 0 native plugins for Editor in 0.00 ms.
Unloading 3177 Unused Serialized files (Serialized files now loaded: 0)
Unloading 34 unused Assets / (36.4 KB). Loaded Objects now: 3718.
Memory consumption went from 206.2 MB to 206.2 MB.
Total: 3.347700 ms (FindLiveObjects: 0.352300 ms CreateObjectMapping: 0.316200 ms MarkObjects: 2.620200 ms  DeleteObjects: 0.058000 ms)

Prepare: number of updated asset objects reloaded= 0
AssetImportParameters requested are different than current active one (requested -> active):
  custom:container-demuxer-ogg: 62fdf1f143b41e24485cea50d1cbac27 -> 
  custom:video-decoder-ogg-theora: a1e56fd34408186e4bbccfd4996cb3dc -> 
  custom:framework-win-MediaFoundation: 216162199b28c13a410421893ffa2e32 -> 
  custom:CustomObjectIndexerAttribute: 756ad292c208cfabdd7b50bc23989ffe -> 
  custom:container-demuxer-webm: 4f35f7cbe854078d1ac9338744f61a02 -> 
  custom:container-muxer-webm: aa71ff27fc2769a1b78a27578f13a17b -> 
  custom:video-decoder-webm-vp8: 9c59270c3fd7afecdb556c50c9e8de78 -> 
  custom:SearchIndexIgnoredProperties: e643bd26f0fe6173181afceb89e7c659 -> 
  custom:AudioImporter_EditorPlatform: d09bf68614088b80899f8185d706f6e7 -> 
  custom:video-encoder-webm-vp8: eb34c28f22e8b96e1ab97ce403110664 -> 
  custom:audio-decoder-ogg-vorbis: bf7c407c2cedff20999df2af8eb42d56 -> 
  custom:audio-encoder-webm-vorbis: bf7c407c2cedff20999df2af8eb42d56 -> 
========================================================================
Received Prepare
Begin MonoManager ReloadAssembly
- Loaded All Assemblies, in  0.435 seconds
Refreshing native plugins compatible for Editor in 4.60 ms, found 3 plugins.
Native extension for WindowsStandalone target not found
[Package Manager] Server::EnsureServerProcessIsRunning -- launch failed, reason: Unity was launched with the -noUpm command-line argument
[Package Manager] UpmClient::Send -- Unable to send message (not connected to UPM process).
[Package Manager] Cannot connect to Unity Package Manager local server
Mono: successfully reloaded assembly
- Finished resetting the current domain, in  0.899 seconds
Domain Reload Profiling: 1331ms
	BeginReloadAssembly (153ms)
		ExecutionOrderSort (0ms)
		DisableScriptedObjects (5ms)
		BackupInstance (0ms)
		ReleaseScriptingObjects (0ms)
		CreateAndSetChildDomain (32ms)
	RebuildCommonClasses (31ms)
	RebuildNativeTypeToScriptingClass (11ms)
	initialDomainReloadingComplete (28ms)
	LoadAllAssembliesAndSetupDomain (208ms)
		LoadAssemblies (265ms)
		RebuildTransferFunctionScriptingTraits (0ms)
		AnalyzeDomain (26ms)
			TypeCache.Refresh (10ms)
				TypeCache.ScanAssembly (0ms)
			ScanForSourceGeneratedMonoScriptInfo (10ms)
			ResolveRequiredComponents (5ms)
	FinalizeReload (899ms)
		ReleaseScriptCaches (0ms)
		RebuildScriptCaches (0ms)
		SetupLoadedEditorAssemblies (463ms)
			LogAssemblyErrors (0ms)
			InitializePlatformSupportModulesInManaged (5ms)
			SetLoadedEditorAssemblies (5ms)
			RefreshPlugins (0ms)
			BeforeProcessingInitializeOnLoad (67ms)
			ProcessInitializeOnLoadAttributes (358ms)
			ProcessInitializeOnLoadMethodAttributes (21ms)
			AfterProcessingInitializeOnLoad (6ms)
			EditorAssembliesLoaded (0ms)
		ExecutionOrderSort2 (0ms)
		AwakeInstancesAfterBackupRestoration (5ms)
Refreshing native plugins compatible for Editor in 4.80 ms, found 3 plugins.
Preloading 0 native plugins for Editor in 0.00 ms.
Unloading 3177 Unused Serialized files (Serialized files now loaded: 0)
Unloading 34 unused Assets / (36.5 KB). Loaded Objects now: 3721.
Memory consumption went from 208.2 MB to 208.1 MB.
Total: 3.253300 ms (FindLiveObjects: 0.533600 ms CreateObjectMapping: 0.274500 ms MarkObjects: 2.379100 ms  DeleteObjects: 0.065100 ms)

Prepare: number of updated asset objects reloaded= 0
AssetImportParameters requested are different than current active one (requested -> active):
  custom:container-demuxer-ogg: 62fdf1f143b41e24485cea50d1cbac27 -> 
  custom:video-decoder-ogg-theora: a1e56fd34408186e4bbccfd4996cb3dc -> 
  custom:framework-win-MediaFoundation: 216162199b28c13a410421893ffa2e32 -> 
  custom:CustomObjectIndexerAttribute: 756ad292c208cfabdd7b50bc23989ffe -> 
  custom:container-demuxer-webm: 4f35f7cbe854078d1ac9338744f61a02 -> 
  custom:container-muxer-webm: aa71ff27fc2769a1b78a27578f13a17b -> 
  custom:video-decoder-webm-vp8: 9c59270c3fd7afecdb556c50c9e8de78 -> 
  custom:SearchIndexIgnoredProperties: e643bd26f0fe6173181afceb89e7c659 -> 
  custom:AudioImporter_EditorPlatform: d09bf68614088b80899f8185d706f6e7 -> 
  custom:video-encoder-webm-vp8: eb34c28f22e8b96e1ab97ce403110664 -> 
  custom:audio-decoder-ogg-vorbis: bf7c407c2cedff20999df2af8eb42d56 -> 
  custom:audio-encoder-webm-vorbis: bf7c407c2cedff20999df2af8eb42d56 -> 
========================================================================
Received Prepare
Begin MonoManager ReloadAssembly
- Loaded All Assemblies, in  0.438 seconds
Refreshing native plugins compatible for Editor in 4.21 ms, found 3 plugins.
Native extension for WindowsStandalone target not found
[Package Manager] Server::EnsureServerProcessIsRunning -- launch failed, reason: Unity was launched with the -noUpm command-line argument
[Package Manager] UpmClient::Send -- Unable to send message (not connected to UPM process).
[Package Manager] Cannot connect to Unity Package Manager local server
Mono: successfully reloaded assembly
- Finished resetting the current domain, in  0.859 seconds
Domain Reload Profiling: 1294ms
	BeginReloadAssembly (145ms)
		ExecutionOrderSort (0ms)
		DisableScriptedObjects (5ms)
		BackupInstance (0ms)
		ReleaseScriptingObjects (0ms)
		CreateAndSetChildDomain (33ms)
	RebuildCommonClasses (34ms)
	RebuildNativeTypeToScriptingClass (19ms)
	initialDomainReloadingComplete (33ms)
	LoadAllAssembliesAndSetupDomain (204ms)
		LoadAssemblies (269ms)
		RebuildTransferFunctionScriptingTraits (0ms)
		AnalyzeDomain (12ms)
			TypeCache.Refresh (6ms)
				TypeCache.ScanAssembly (0ms)
			ScanForSourceGeneratedMonoScriptInfo (0ms)
			ResolveRequiredComponents (5ms)
	FinalizeReload (860ms)
		ReleaseScriptCaches (0ms)
		RebuildScriptCaches (0ms)
		SetupLoadedEditorAssemblies (425ms)
			LogAssemblyErrors (0ms)
			InitializePlatformSupportModulesInManaged (5ms)
			SetLoadedEditorAssemblies (3ms)
			RefreshPlugins (0ms)
			BeforeProcessingInitializeOnLoad (61ms)
			ProcessInitializeOnLoadAttributes (330ms)
			ProcessInitializeOnLoadMethodAttributes (19ms)
			AfterProcessingInitializeOnLoad (6ms)
			EditorAssembliesLoaded (0ms)
		ExecutionOrderSort2 (0ms)
		AwakeInstancesAfterBackupRestoration (6ms)
Refreshing native plugins compatible for Editor in 5.83 ms, found 3 plugins.
Preloading 0 native plugins for Editor in 0.00 ms.
Unloading 3177 Unused Serialized files (Serialized files now loaded: 0)
Unloading 34 unused Assets / (36.4 KB). Loaded Objects now: 3724.
Memory consumption went from 210.1 MB to 210.1 MB.
Total: 3.019600 ms (FindLiveObjects: 0.280900 ms CreateObjectMapping: 0.251200 ms MarkObjects: 2.408000 ms  DeleteObjects: 0.078600 ms)

Prepare: number of updated asset objects reloaded= 0
AssetImportParameters requested are different than current active one (requested -> active):
  custom:container-demuxer-ogg: 62fdf1f143b41e24485cea50d1cbac27 -> 
  custom:video-decoder-ogg-theora: a1e56fd34408186e4bbccfd4996cb3dc -> 
  custom:framework-win-MediaFoundation: 216162199b28c13a410421893ffa2e32 -> 
  custom:CustomObjectIndexerAttribute: 756ad292c208cfabdd7b50bc23989ffe -> 
  custom:container-demuxer-webm: 4f35f7cbe854078d1ac9338744f61a02 -> 
  custom:container-muxer-webm: aa71ff27fc2769a1b78a27578f13a17b -> 
  custom:video-decoder-webm-vp8: 9c59270c3fd7afecdb556c50c9e8de78 -> 
  custom:SearchIndexIgnoredProperties: e643bd26f0fe6173181afceb89e7c659 -> 
  custom:AudioImporter_EditorPlatform: d09bf68614088b80899f8185d706f6e7 -> 
  custom:video-encoder-webm-vp8: eb34c28f22e8b96e1ab97ce403110664 -> 
  custom:audio-decoder-ogg-vorbis: bf7c407c2cedff20999df2af8eb42d56 -> 
  custom:audio-encoder-webm-vorbis: bf7c407c2cedff20999df2af8eb42d56 -> 
