Using pre-set license
Built from '2022.3/release' branch; Version is '2022.3.12f1 (4fe6e059c7ef) revision 5236448'; Using compiler version '192829333'; Build Type 'Release'
OS: 'Windows 10  (10.0.19045) 64bit Core' Language: 'pl' Physical Memory: 28524 MB
BatchMode: 1, IsHumanControllingUs: 0, StartBugReporterOnCrash: 0, Is64bit: 1, IsPro: 1

COMMAND LINE ARGUMENTS:
D:\Programy\2022.3.12f1\Editor\Unity.exe
-adb2
-batchMode
-noUpm
-name
AssetImportWorker1
-projectPath
D:/Repozytorium/Studia/PGK/Wolfenspace
-logFile
Logs/AssetImportWorker1.log
-srvPort
56091
Successfully changed project path to: D:/Repozytorium/Studia/PGK/Wolfenspace
D:/Repozytorium/Studia/PGK/Wolfenspace
[UnityMemory] Configuration Parameters - Can be set up in boot.config
    "memorysetup-bucket-allocator-granularity=16"
    "memorysetup-bucket-allocator-bucket-count=8"
    "memorysetup-bucket-allocator-block-size=33554432"
    "memorysetup-bucket-allocator-block-count=8"
    "memorysetup-main-allocator-block-size=16777216"
    "memorysetup-thread-allocator-block-size=16777216"
    "memorysetup-gfx-main-allocator-block-size=16777216"
    "memorysetup-gfx-thread-allocator-block-size=16777216"
    "memorysetup-cache-allocator-block-size=4194304"
    "memorysetup-typetree-allocator-block-size=2097152"
    "memorysetup-profiler-bucket-allocator-granularity=16"
    "memorysetup-profiler-bucket-allocator-bucket-count=8"
    "memorysetup-profiler-bucket-allocator-block-size=33554432"
    "memorysetup-profiler-bucket-allocator-block-count=8"
    "memorysetup-profiler-allocator-block-size=16777216"
    "memorysetup-profiler-editor-allocator-block-size=1048576"
    "memorysetup-temp-allocator-size-main=16777216"
    "memorysetup-job-temp-allocator-block-size=2097152"
    "memorysetup-job-temp-allocator-block-size-background=1048576"
    "memorysetup-job-temp-allocator-reduction-small-platforms=262144"
    "memorysetup-allocator-temp-initial-block-size-main=262144"
    "memorysetup-allocator-temp-initial-block-size-worker=262144"
    "memorysetup-temp-allocator-size-background-worker=32768"
    "memorysetup-temp-allocator-size-job-worker=262144"
    "memorysetup-temp-allocator-size-preload-manager=33554432"
    "memorysetup-temp-allocator-size-nav-mesh-worker=65536"
    "memorysetup-temp-allocator-size-audio-worker=65536"
    "memorysetup-temp-allocator-size-cloud-worker=32768"
    "memorysetup-temp-allocator-size-gi-baking-worker=262144"
    "memorysetup-temp-allocator-size-gfx=262144"
Player connection [40152] Host "[IP] 192.168.56.1 [Port] 0 [Flags] 2 [Guid] 2084448808 [EditorId] 2084448808 [Version] 1048832 [Id] WindowsEditor(7,DESKTOP-D86C8LM) [Debug] 1 [PackageName] WindowsEditor [ProjectName] Editor" joined multi-casting on [225.0.0.222:54997]...

Player connection [40152] Host "[IP] 192.168.56.1 [Port] 0 [Flags] 2 [Guid] 2084448808 [EditorId] 2084448808 [Version] 1048832 [Id] WindowsEditor(7,DESKTOP-D86C8LM) [Debug] 1 [PackageName] WindowsEditor [ProjectName] Editor" joined alternative multi-casting on [225.0.0.222:34997]...

[Physics::Module] Initialized MultithreadedJobDispatcher with 11 workers.
Refreshing native plugins compatible for Editor in 10.00 ms, found 3 plugins.
Preloading 0 native plugins for Editor in 0.00 ms.
Initialize engine version: 2022.3.12f1 (4fe6e059c7ef)
[Subsystems] Discovering subsystems at path D:/Programy/2022.3.12f1/Editor/Data/Resources/UnitySubsystems
[Subsystems] Discovering subsystems at path D:/Repozytorium/Studia/PGK/Wolfenspace/Assets
GfxDevice: creating device client; threaded=0; jobified=0
Direct3D:
    Version:  Direct3D 11.0 [level 11.1]
    Renderer: NVIDIA GeForce RTX 3050 Laptop GPU (ID=0x25e2)
    Vendor:   NVIDIA
    VRAM:     3977 MB
    Driver:   31.0.15.3758
Initialize mono
Mono path[0] = 'D:/Programy/2022.3.12f1/Editor/Data/Managed'
Mono path[1] = 'D:/Programy/2022.3.12f1/Editor/Data/MonoBleedingEdge/lib/mono/unityjit-win32'
Mono config path = 'D:/Programy/2022.3.12f1/Editor/Data/MonoBleedingEdge/etc'
Using monoOptions --debugger-agent=transport=dt_socket,embedding=1,server=y,suspend=n,address=127.0.0.1:56500
Begin MonoManager ReloadAssembly
Registering precompiled unity dll's ...
Register platform support module: D:/Programy/2022.3.12f1/Editor/Data/PlaybackEngines/WindowsStandaloneSupport/UnityEditor.WindowsStandalone.Extensions.dll
Registered in 0.002891 seconds.
- Loaded All Assemblies, in  0.283 seconds
Native extension for WindowsStandalone target not found
Mono: successfully reloaded assembly
- Finished resetting the current domain, in  0.244 seconds
Domain Reload Profiling: 527ms
	BeginReloadAssembly (90ms)
		ExecutionOrderSort (0ms)
		DisableScriptedObjects (0ms)
		BackupInstance (0ms)
		ReleaseScriptingObjects (0ms)
		CreateAndSetChildDomain (1ms)
	RebuildCommonClasses (29ms)
	RebuildNativeTypeToScriptingClass (8ms)
	initialDomainReloadingComplete (42ms)
	LoadAllAssembliesAndSetupDomain (113ms)
		LoadAssemblies (89ms)
		RebuildTransferFunctionScriptingTraits (0ms)
		AnalyzeDomain (111ms)
			TypeCache.Refresh (109ms)
				TypeCache.ScanAssembly (98ms)
			ScanForSourceGeneratedMonoScriptInfo (0ms)
			ResolveRequiredComponents (1ms)
	FinalizeReload (245ms)
		ReleaseScriptCaches (0ms)
		RebuildScriptCaches (0ms)
		SetupLoadedEditorAssemblies (189ms)
			LogAssemblyErrors (0ms)
			InitializePlatformSupportModulesInManaged (8ms)
			SetLoadedEditorAssemblies (8ms)
			RefreshPlugins (0ms)
			BeforeProcessingInitializeOnLoad (3ms)
			ProcessInitializeOnLoadAttributes (121ms)
			ProcessInitializeOnLoadMethodAttributes (48ms)
			AfterProcessingInitializeOnLoad (0ms)
			EditorAssembliesLoaded (0ms)
		ExecutionOrderSort2 (0ms)
		AwakeInstancesAfterBackupRestoration (0ms)
========================================================================
Worker process is ready to serve import requests
Begin MonoManager ReloadAssembly
- Loaded All Assemblies, in  0.560 seconds
Refreshing native plugins compatible for Editor in 2.60 ms, found 3 plugins.
Native extension for WindowsStandalone target not found
Package Manager log level set to [2]
[Package Manager] Server::EnsureServerProcessIsRunning -- launch failed, reason: Unity was launched with the -noUpm command-line argument
[Package Manager] UpmClient::Send -- Unable to send message (not connected to UPM process).
[Package Manager] Cannot connect to Unity Package Manager local server
Mono: successfully reloaded assembly
- Finished resetting the current domain, in  0.663 seconds
Domain Reload Profiling: 1224ms
	BeginReloadAssembly (124ms)
		ExecutionOrderSort (0ms)
		DisableScriptedObjects (5ms)
		BackupInstance (0ms)
		ReleaseScriptingObjects (0ms)
		CreateAndSetChildDomain (22ms)
	RebuildCommonClasses (28ms)
	RebuildNativeTypeToScriptingClass (8ms)
	initialDomainReloadingComplete (33ms)
	LoadAllAssembliesAndSetupDomain (368ms)
		LoadAssemblies (263ms)
		RebuildTransferFunctionScriptingTraits (0ms)
		AnalyzeDomain (172ms)
			TypeCache.Refresh (153ms)
				TypeCache.ScanAssembly (140ms)
			ScanForSourceGeneratedMonoScriptInfo (14ms)
			ResolveRequiredComponents (4ms)
	FinalizeReload (664ms)
		ReleaseScriptCaches (0ms)
		RebuildScriptCaches (0ms)
		SetupLoadedEditorAssemblies (515ms)
			LogAssemblyErrors (0ms)
			InitializePlatformSupportModulesInManaged (5ms)
			SetLoadedEditorAssemblies (6ms)
			RefreshPlugins (0ms)
			BeforeProcessingInitializeOnLoad (95ms)
			ProcessInitializeOnLoadAttributes (384ms)
			ProcessInitializeOnLoadMethodAttributes (23ms)
			AfterProcessingInitializeOnLoad (2ms)
			EditorAssembliesLoaded (0ms)
		ExecutionOrderSort2 (0ms)
		AwakeInstancesAfterBackupRestoration (5ms)
Launched and connected shader compiler UnityShaderCompiler.exe after 0.04 seconds
Refreshing native plugins compatible for Editor in 6.19 ms, found 3 plugins.
Preloading 0 native plugins for Editor in 0.00 ms.
Unloading 3199 Unused Serialized files (Serialized files now loaded: 0)
Unloading 44 unused Assets / (63.3 KB). Loaded Objects now: 3659.
Memory consumption went from 129.0 MB to 128.9 MB.
Total: 6.180300 ms (FindLiveObjects: 0.699600 ms CreateObjectMapping: 0.269800 ms MarkObjects: 5.031700 ms  DeleteObjects: 0.177400 ms)

AssetImportParameters requested are different than current active one (requested -> active):
  custom:container-demuxer-ogg: 62fdf1f143b41e24485cea50d1cbac27 -> 
  custom:video-decoder-ogg-theora: a1e56fd34408186e4bbccfd4996cb3dc -> 
  custom:framework-win-MediaFoundation: 216162199b28c13a410421893ffa2e32 -> 
  custom:CustomObjectIndexerAttribute: 756ad292c208cfabdd7b50bc23989ffe -> 
  custom:container-demuxer-webm: 4f35f7cbe854078d1ac9338744f61a02 -> 
  custom:container-muxer-webm: aa71ff27fc2769a1b78a27578f13a17b -> 
  custom:video-decoder-webm-vp8: 9c59270c3fd7afecdb556c50c9e8de78 -> 
  custom:SearchIndexIgnoredProperties: e643bd26f0fe6173181afceb89e7c659 -> 
  custom:AudioImporter_EditorPlatform: d09bf68614088b80899f8185d706f6e7 -> 
  custom:video-encoder-webm-vp8: eb34c28f22e8b96e1ab97ce403110664 -> 
  custom:audio-decoder-ogg-vorbis: bf7c407c2cedff20999df2af8eb42d56 -> 
  custom:audio-encoder-webm-vorbis: bf7c407c2cedff20999df2af8eb42d56 -> 
========================================================================
Received Import Request.
  Time since last request: 413683.963132 seconds.
  path: Assets/Prefabs/Prefab_AmmoBox.prefab
  artifactKey: Guid(ef6324f319d69894bb4d1764883f5139) Importer(815301076,1909f56bfc062723c751e8b465ee728b)
Start importing Assets/Prefabs/Prefab_AmmoBox.prefab using Guid(ef6324f319d69894bb4d1764883f5139) Importer(815301076,1909f56bfc062723c751e8b465ee728b)  -> (artifact id: '646fabeec7ce68533e2a993f003c565b') in 0.260614 seconds
Number of updated asset objects reloaded before import = 0
Number of asset objects unloaded after import = 8
========================================================================
Received Import Request.
  Time since last request: 46.538520 seconds.
  path: Assets/SciFiWarriorPBRHPPolyart/Mesh/Polyart_Mesh.fbx
  artifactKey: Guid(860793eb3324391468f1c120a75ec049) Importer(815301076,1909f56bfc062723c751e8b465ee728b)
Start importing Assets/SciFiWarriorPBRHPPolyart/Mesh/Polyart_Mesh.fbx using Guid(860793eb3324391468f1c120a75ec049) Importer(815301076,1909f56bfc062723c751e8b465ee728b)  -> (artifact id: 'e378bed304e1ffb98617b0fb14035e40') in 0.172199 seconds
Number of updated asset objects reloaded before import = 0
Number of asset objects unloaded after import = 146
========================================================================
Received Import Request.
  Time since last request: 0.000022 seconds.
  path: Assets/ScienceFiction_Kit_v2/Models/Containers/ProtoBox_M.fbx
  artifactKey: Guid(ef290fca3514047c78d44c945c2c93d4) Importer(815301076,1909f56bfc062723c751e8b465ee728b)
Start importing Assets/ScienceFiction_Kit_v2/Models/Containers/ProtoBox_M.fbx using Guid(ef290fca3514047c78d44c945c2c93d4) Importer(815301076,1909f56bfc062723c751e8b465ee728b)  -> (artifact id: '20b6d15a9ac8f2e49bfb94b780b9955f') in 0.038142 seconds
Number of updated asset objects reloaded before import = 0
Number of asset objects unloaded after import = 7
========================================================================
Received Import Request.
  Time since last request: 0.000025 seconds.
  path: Assets/SciFiWarriorPBRHPPolyart/Animations/Run_guard_AR.fbx
  artifactKey: Guid(043a0882d93547c4da0104443de76efb) Importer(815301076,1909f56bfc062723c751e8b465ee728b)
Start importing Assets/SciFiWarriorPBRHPPolyart/Animations/Run_guard_AR.fbx using Guid(043a0882d93547c4da0104443de76efb) Importer(815301076,1909f56bfc062723c751e8b465ee728b)  -> (artifact id: '7a67967223a2838cb4ff241df5ac75fe') in 0.134493 seconds
Number of updated asset objects reloaded before import = 0
Number of asset objects unloaded after import = 151
========================================================================
Received Import Request.
  Time since last request: 0.000016 seconds.
  path: Assets/SciFiWarriorPBRHPPolyart/Animations/Run_gunMiddle_AR.fbx
  artifactKey: Guid(d805ca1ced9a1054c9cb7e1dc431a6e3) Importer(815301076,1909f56bfc062723c751e8b465ee728b)
Start importing Assets/SciFiWarriorPBRHPPolyart/Animations/Run_gunMiddle_AR.fbx using Guid(d805ca1ced9a1054c9cb7e1dc431a6e3) Importer(815301076,1909f56bfc062723c751e8b465ee728b)  -> (artifact id: 'c4c1311eb036c1df19185f1540198df3') in 0.081870 seconds
Number of updated asset objects reloaded before import = 0
Number of asset objects unloaded after import = 151
========================================================================
Received Import Request.
  Time since last request: 0.825357 seconds.
  path: Assets/SciFiWarriorPBRHPPolyart/Prefabs/PBRCharacter.prefab
  artifactKey: Guid(f432554f564e69242897607d34218939) Importer(815301076,1909f56bfc062723c751e8b465ee728b)
Start importing Assets/SciFiWarriorPBRHPPolyart/Prefabs/PBRCharacter.prefab using Guid(f432554f564e69242897607d34218939) Importer(815301076,1909f56bfc062723c751e8b465ee728b)  -> (artifact id: '0fd9872750f1b0bfebb5831bca6a979c') in 0.126133 seconds
Number of updated asset objects reloaded before import = 0
Number of asset objects unloaded after import = 204
========================================================================
Received Import Request.
  Time since last request: 0.000020 seconds.
  path: Assets/SciFiWarriorPBRHPPolyart/Animations/Idle_Ducking_ar.fbx
  artifactKey: Guid(3ad7c5979f6586d4a9532a55492a0ebe) Importer(815301076,1909f56bfc062723c751e8b465ee728b)
Start importing Assets/SciFiWarriorPBRHPPolyart/Animations/Idle_Ducking_ar.fbx using Guid(3ad7c5979f6586d4a9532a55492a0ebe) Importer(815301076,1909f56bfc062723c751e8b465ee728b)  -> (artifact id: '21fef0a1912eb706475ad233a98ac995') in 0.077700 seconds
Number of updated asset objects reloaded before import = 0
Number of asset objects unloaded after import = 151
========================================================================
Received Import Request.
  Time since last request: 0.000022 seconds.
  path: Assets/ScienceFiction_Kit_v2/Models/Decor/Guardrail_S_02.fbx
  artifactKey: Guid(4edadf9a3ea324b5994f2792d71d543c) Importer(815301076,1909f56bfc062723c751e8b465ee728b)
Start importing Assets/ScienceFiction_Kit_v2/Models/Decor/Guardrail_S_02.fbx using Guid(4edadf9a3ea324b5994f2792d71d543c) Importer(815301076,1909f56bfc062723c751e8b465ee728b)  -> (artifact id: '3975627a6678d4d09575d67b71ab8d9c') in 0.020219 seconds
Number of updated asset objects reloaded before import = 0
Number of asset objects unloaded after import = 7
========================================================================
Received Import Request.
  Time since last request: 0.000018 seconds.
  path: Assets/SciFiWarriorPBRHPPolyart/Animations/Idle_guard_ar.fbx
  artifactKey: Guid(21a805ef27ad7ef42904fff42be01ba6) Importer(815301076,1909f56bfc062723c751e8b465ee728b)
Start importing Assets/SciFiWarriorPBRHPPolyart/Animations/Idle_guard_ar.fbx using Guid(21a805ef27ad7ef42904fff42be01ba6) Importer(815301076,1909f56bfc062723c751e8b465ee728b)  -> (artifact id: '11473798c7add3fa09c2af303fb9e058') in 0.090324 seconds
Number of updated asset objects reloaded before import = 0
Number of asset objects unloaded after import = 151
========================================================================
Received Import Request.
  Time since last request: 0.042060 seconds.
  path: Assets/ScienceFiction_Kit_v2/Models/Decor/Guardrail_M_02.fbx
  artifactKey: Guid(d7d9b7c88011e496b969aebf187ebf9e) Importer(815301076,1909f56bfc062723c751e8b465ee728b)
Start importing Assets/ScienceFiction_Kit_v2/Models/Decor/Guardrail_M_02.fbx using Guid(d7d9b7c88011e496b969aebf187ebf9e) Importer(815301076,1909f56bfc062723c751e8b465ee728b)  -> (artifact id: '8f67ce3be871ed57e2dec7cd1e1e6c23') in 0.015742 seconds
Number of updated asset objects reloaded before import = 0
Number of asset objects unloaded after import = 7
========================================================================
Received Import Request.
  Time since last request: 0.000018 seconds.
  path: Assets/ScienceFiction_Kit_v2/Models/Decor/Guardrail_S_01.fbx
  artifactKey: Guid(d20d15059a17d4b74b7e6828341903ea) Importer(815301076,1909f56bfc062723c751e8b465ee728b)
Start importing Assets/ScienceFiction_Kit_v2/Models/Decor/Guardrail_S_01.fbx using Guid(d20d15059a17d4b74b7e6828341903ea) Importer(815301076,1909f56bfc062723c751e8b465ee728b)  -> (artifact id: 'e091cb3ff985f7a8797b83e818ca94ec') in 0.016749 seconds
Number of updated asset objects reloaded before import = 0
Number of asset objects unloaded after import = 7
========================================================================
Received Import Request.
  Time since last request: 0.000019 seconds.
  path: Assets/ScienceFiction_Kit_v2/Models/Decor/Guardrail_M_01.fbx
  artifactKey: Guid(e441e90c42d344f70bdf761f138d1284) Importer(815301076,1909f56bfc062723c751e8b465ee728b)
Start importing Assets/ScienceFiction_Kit_v2/Models/Decor/Guardrail_M_01.fbx using Guid(e441e90c42d344f70bdf761f138d1284) Importer(815301076,1909f56bfc062723c751e8b465ee728b)  -> (artifact id: '6a669ea506bdd4b40ffc35d69bbb4e10') in 0.015807 seconds
Number of updated asset objects reloaded before import = 0
Number of asset objects unloaded after import = 7
========================================================================
Received Import Request.
  Time since last request: 0.030895 seconds.
  path: Assets/ScienceFiction_Kit_v2/Models/ModularParts/Floor_Corner_4x4.fbx
  artifactKey: Guid(35ec4dd20de5f4eaf888cb25fe4f23bb) Importer(815301076,1909f56bfc062723c751e8b465ee728b)
Start importing Assets/ScienceFiction_Kit_v2/Models/ModularParts/Floor_Corner_4x4.fbx using Guid(35ec4dd20de5f4eaf888cb25fe4f23bb) Importer(815301076,1909f56bfc062723c751e8b465ee728b)  -> (artifact id: 'c52142ca88d842571868e28827d3d3a7') in 0.014237 seconds
Number of updated asset objects reloaded before import = 0
Number of asset objects unloaded after import = 7
========================================================================
Received Import Request.
  Time since last request: 0.000015 seconds.
  path: Assets/ScienceFiction_Kit_v2/Models/ModularParts/Floor_Corner_5x5.fbx
  artifactKey: Guid(66df0f11a0d0043d8ad908db4fe6a9cb) Importer(815301076,1909f56bfc062723c751e8b465ee728b)
Start importing Assets/ScienceFiction_Kit_v2/Models/ModularParts/Floor_Corner_5x5.fbx using Guid(66df0f11a0d0043d8ad908db4fe6a9cb) Importer(815301076,1909f56bfc062723c751e8b465ee728b)  -> (artifact id: '33f08b86cc3566f8e4eb6503c660b70d') in 0.015910 seconds
Number of updated asset objects reloaded before import = 0
Number of asset objects unloaded after import = 7
========================================================================
Received Import Request.
  Time since last request: 0.744546 seconds.
  path: Assets/ScienceFiction_Kit_v2/Models/ModularParts/Floor_4x4_01.fbx
  artifactKey: Guid(ef2c550e218844aca90a1ba308cde3b3) Importer(815301076,1909f56bfc062723c751e8b465ee728b)
Start importing Assets/ScienceFiction_Kit_v2/Models/ModularParts/Floor_4x4_01.fbx using Guid(ef2c550e218844aca90a1ba308cde3b3) Importer(815301076,1909f56bfc062723c751e8b465ee728b)  -> (artifact id: '88a35b4f4977485396e91997010393f3') in 0.015267 seconds
Number of updated asset objects reloaded before import = 0
Number of asset objects unloaded after import = 7
========================================================================
Received Import Request.
  Time since last request: 0.007402 seconds.
  path: Assets/ScienceFiction_Kit_v2/Models/ModularParts/Floor_2x4_01.fbx
  artifactKey: Guid(469cb3d5ee9ef4de2b30fc9eee262d97) Importer(815301076,1909f56bfc062723c751e8b465ee728b)
Start importing Assets/ScienceFiction_Kit_v2/Models/ModularParts/Floor_2x4_01.fbx using Guid(469cb3d5ee9ef4de2b30fc9eee262d97) Importer(815301076,1909f56bfc062723c751e8b465ee728b)  -> (artifact id: '418cc5e965b85ac2caf265c9838dcb40') in 0.017503 seconds
Number of updated asset objects reloaded before import = 0
Number of asset objects unloaded after import = 7
========================================================================
Received Import Request.
  Time since last request: 0.018213 seconds.
  path: Assets/ScienceFiction_Kit_v2/Models/Bullet/BulletTrail.prefab
  artifactKey: Guid(15f4e6793d4ef482fa3c8a3ba7050d7e) Importer(815301076,1909f56bfc062723c751e8b465ee728b)
Start importing Assets/ScienceFiction_Kit_v2/Models/Bullet/BulletTrail.prefab using Guid(15f4e6793d4ef482fa3c8a3ba7050d7e) Importer(815301076,1909f56bfc062723c751e8b465ee728b)  -> (artifact id: 'a51feb518897516ad5b136164e2b568f') in 0.011806 seconds
Number of updated asset objects reloaded before import = 0
Number of asset objects unloaded after import = 6
========================================================================
Received Import Request.
  Time since last request: 0.000013 seconds.
  path: Assets/ScienceFiction_Kit_v2/Models/ModularParts/Ceiling_2x4.fbx
  artifactKey: Guid(56302cfd1034f405e9aedc0ea5d405b3) Importer(815301076,1909f56bfc062723c751e8b465ee728b)
Start importing Assets/ScienceFiction_Kit_v2/Models/ModularParts/Ceiling_2x4.fbx using Guid(56302cfd1034f405e9aedc0ea5d405b3) Importer(815301076,1909f56bfc062723c751e8b465ee728b)  -> (artifact id: '9d4c09315d7a3eaffc522aa7c2d76972') in 0.012906 seconds
Number of updated asset objects reloaded before import = 0
Number of asset objects unloaded after import = 7
========================================================================
Received Import Request.
  Time since last request: 0.000013 seconds.
  path: Assets/ScienceFiction_Kit_v2/Models/ModularParts/Ceiling_4x4_01.fbx
  artifactKey: Guid(026b172bdc3574c27803aa248e725970) Importer(815301076,1909f56bfc062723c751e8b465ee728b)
Start importing Assets/ScienceFiction_Kit_v2/Models/ModularParts/Ceiling_4x4_01.fbx using Guid(026b172bdc3574c27803aa248e725970) Importer(815301076,1909f56bfc062723c751e8b465ee728b)  -> (artifact id: '0d76292656f743520e78e17c370ba044') in 0.013735 seconds
Number of updated asset objects reloaded before import = 0
Number of asset objects unloaded after import = 7
========================================================================
Received Import Request.
  Time since last request: 0.000017 seconds.
  path: Assets/SciFiWarriorPBRHPPolyart/Animations/Die.fbx
  artifactKey: Guid(d406f8f3cbe268f4e9d0234d45cca60c) Importer(815301076,1909f56bfc062723c751e8b465ee728b)
Start importing Assets/SciFiWarriorPBRHPPolyart/Animations/Die.fbx using Guid(d406f8f3cbe268f4e9d0234d45cca60c) Importer(815301076,1909f56bfc062723c751e8b465ee728b)  -> (artifact id: 'afcbf58c2e7e558fac659ba9d6f9847f') in 0.078206 seconds
Number of updated asset objects reloaded before import = 0
Number of asset objects unloaded after import = 151
========================================================================
Received Import Request.
  Time since last request: 0.000015 seconds.
  path: Assets/ScienceFiction_Kit_v2/Models/ModularParts/Ceiling_4x4_02.fbx
  artifactKey: Guid(622097489733d4a6a95c507a2f15c9c9) Importer(815301076,1909f56bfc062723c751e8b465ee728b)
Start importing Assets/ScienceFiction_Kit_v2/Models/ModularParts/Ceiling_4x4_02.fbx using Guid(622097489733d4a6a95c507a2f15c9c9) Importer(815301076,1909f56bfc062723c751e8b465ee728b)  -> (artifact id: '9fa37daa34f55d79331ca17e537dcb61') in 0.017165 seconds
Number of updated asset objects reloaded before import = 0
Number of asset objects unloaded after import = 7
