Using pre-set license
Built from '2022.3/release' branch; Version is '2022.3.12f1 (4fe6e059c7ef) revision 5236448'; Using compiler version '192829333'; Build Type 'Release'
OS: 'Windows 11  (10.0.22621) 64bit Core' Language: 'pl' Physical Memory: 16251 MB
BatchMode: 1, IsHumanControllingUs: 0, StartBugReporterOnCrash: 0, Is64bit: 1, IsPro: 1

COMMAND LINE ARGUMENTS:
C:\Program Files\Unity\Hub\Editor\2022.3.12f1\Editor\Unity.exe
-adb2
-batchMode
-noUpm
-name
AssetImportWorker0
-projectPath
C:/Users/super/OneDrive/Pulpit/Unity projects/WolfenSpace/PGK/Wolfenspace
-logFile
Logs/AssetImportWorker0.log
-srvPort
50989
Successfully changed project path to: C:/Users/super/OneDrive/Pulpit/Unity projects/WolfenSpace/PGK/Wolfenspace
C:/Users/super/OneDrive/Pulpit/Unity projects/WolfenSpace/PGK/Wolfenspace
[UnityMemory] Configuration Parameters - Can be set up in boot.config
    "memorysetup-bucket-allocator-granularity=16"
    "memorysetup-bucket-allocator-bucket-count=8"
    "memorysetup-bucket-allocator-block-size=33554432"
    "memorysetup-bucket-allocator-block-count=8"
    "memorysetup-main-allocator-block-size=16777216"
    "memorysetup-thread-allocator-block-size=16777216"
    "memorysetup-gfx-main-allocator-block-size=16777216"
    "memorysetup-gfx-thread-allocator-block-size=16777216"
    "memorysetup-cache-allocator-block-size=4194304"
    "memorysetup-typetree-allocator-block-size=2097152"
    "memorysetup-profiler-bucket-allocator-granularity=16"
    "memorysetup-profiler-bucket-allocator-bucket-count=8"
    "memorysetup-profiler-bucket-allocator-block-size=33554432"
    "memorysetup-profiler-bucket-allocator-block-count=8"
    "memorysetup-profiler-allocator-block-size=16777216"
    "memorysetup-profiler-editor-allocator-block-size=1048576"
    "memorysetup-temp-allocator-size-main=16777216"
    "memorysetup-job-temp-allocator-block-size=2097152"
    "memorysetup-job-temp-allocator-block-size-background=1048576"
    "memorysetup-job-temp-allocator-reduction-small-platforms=262144"
    "memorysetup-allocator-temp-initial-block-size-main=262144"
    "memorysetup-allocator-temp-initial-block-size-worker=262144"
    "memorysetup-temp-allocator-size-background-worker=32768"
    "memorysetup-temp-allocator-size-job-worker=262144"
    "memorysetup-temp-allocator-size-preload-manager=33554432"
    "memorysetup-temp-allocator-size-nav-mesh-worker=65536"
    "memorysetup-temp-allocator-size-audio-worker=65536"
    "memorysetup-temp-allocator-size-cloud-worker=32768"
    "memorysetup-temp-allocator-size-gi-baking-worker=262144"
    "memorysetup-temp-allocator-size-gfx=262144"
Player connection [29612] Host "[IP] 192.168.146.1 [Port] 0 [Flags] 2 [Guid] 2546393647 [EditorId] 2546393647 [Version] 1048832 [Id] WindowsEditor(7,DESKTOP-THDQ277) [Debug] 1 [PackageName] WindowsEditor [ProjectName] Editor" joined multi-casting on [225.0.0.222:54997]...

Player connection [29612] Host "[IP] 192.168.146.1 [Port] 0 [Flags] 2 [Guid] 2546393647 [EditorId] 2546393647 [Version] 1048832 [Id] WindowsEditor(7,DESKTOP-THDQ277) [Debug] 1 [PackageName] WindowsEditor [ProjectName] Editor" joined alternative multi-casting on [225.0.0.222:34997]...

[Physics::Module] Initialized MultithreadedJobDispatcher with 11 workers.
Refreshing native plugins compatible for Editor in 13.25 ms, found 3 plugins.
Preloading 0 native plugins for Editor in 0.00 ms.
Initialize engine version: 2022.3.12f1 (4fe6e059c7ef)
[Subsystems] Discovering subsystems at path C:/Program Files/Unity/Hub/Editor/2022.3.12f1/Editor/Data/Resources/UnitySubsystems
[Subsystems] Discovering subsystems at path C:/Users/super/OneDrive/Pulpit/Unity projects/WolfenSpace/PGK/Wolfenspace/Assets
GfxDevice: creating device client; threaded=0; jobified=0
Direct3D:
    Version:  Direct3D 11.0 [level 11.1]
    Renderer: NVIDIA GeForce GTX 1650 (ID=0x1f99)
    Vendor:   NVIDIA
    VRAM:     3950 MB
    Driver:   31.0.15.3699
Initialize mono
Mono path[0] = 'C:/Program Files/Unity/Hub/Editor/2022.3.12f1/Editor/Data/Managed'
Mono path[1] = 'C:/Program Files/Unity/Hub/Editor/2022.3.12f1/Editor/Data/MonoBleedingEdge/lib/mono/unityjit-win32'
Mono config path = 'C:/Program Files/Unity/Hub/Editor/2022.3.12f1/Editor/Data/MonoBleedingEdge/etc'
Using monoOptions --debugger-agent=transport=dt_socket,embedding=1,server=y,suspend=n,address=127.0.0.1:56956
Begin MonoManager ReloadAssembly
Registering precompiled unity dll's ...
Register platform support module: C:/Program Files/Unity/Hub/Editor/2022.3.12f1/Editor/Data/PlaybackEngines/WindowsStandaloneSupport/UnityEditor.WindowsStandalone.Extensions.dll
Registered in 0.007034 seconds.
- Loaded All Assemblies, in  0.371 seconds
Native extension for WindowsStandalone target not found
Mono: successfully reloaded assembly
- Finished resetting the current domain, in  0.293 seconds
Domain Reload Profiling: 663ms
	BeginReloadAssembly (113ms)
		ExecutionOrderSort (0ms)
		DisableScriptedObjects (0ms)
		BackupInstance (0ms)
		ReleaseScriptingObjects (0ms)
		CreateAndSetChildDomain (1ms)
	RebuildCommonClasses (35ms)
	RebuildNativeTypeToScriptingClass (11ms)
	initialDomainReloadingComplete (62ms)
	LoadAllAssembliesAndSetupDomain (148ms)
		LoadAssemblies (111ms)
		RebuildTransferFunctionScriptingTraits (0ms)
		AnalyzeDomain (146ms)
			TypeCache.Refresh (145ms)
				TypeCache.ScanAssembly (129ms)
			ScanForSourceGeneratedMonoScriptInfo (0ms)
			ResolveRequiredComponents (1ms)
	FinalizeReload (294ms)
		ReleaseScriptCaches (0ms)
		RebuildScriptCaches (0ms)
		SetupLoadedEditorAssemblies (222ms)
			LogAssemblyErrors (0ms)
			InitializePlatformSupportModulesInManaged (11ms)
			SetLoadedEditorAssemblies (9ms)
			RefreshPlugins (0ms)
			BeforeProcessingInitializeOnLoad (2ms)
			ProcessInitializeOnLoadAttributes (147ms)
			ProcessInitializeOnLoadMethodAttributes (54ms)
			AfterProcessingInitializeOnLoad (0ms)
			EditorAssembliesLoaded (0ms)
		ExecutionOrderSort2 (0ms)
		AwakeInstancesAfterBackupRestoration (0ms)
========================================================================
Worker process is ready to serve import requests
Begin MonoManager ReloadAssembly
- Loaded All Assemblies, in  0.743 seconds
Refreshing native plugins compatible for Editor in 5.82 ms, found 3 plugins.
Native extension for WindowsStandalone target not found
Package Manager log level set to [2]
[Package Manager] Server::EnsureServerProcessIsRunning -- launch failed, reason: Unity was launched with the -noUpm command-line argument
[Package Manager] UpmClient::Send -- Unable to send message (not connected to UPM process).
[Package Manager] Cannot connect to Unity Package Manager local server
Mono: successfully reloaded assembly
- Finished resetting the current domain, in  0.664 seconds
Domain Reload Profiling: 1405ms
	BeginReloadAssembly (163ms)
		ExecutionOrderSort (0ms)
		DisableScriptedObjects (7ms)
		BackupInstance (0ms)
		ReleaseScriptingObjects (0ms)
		CreateAndSetChildDomain (25ms)
	RebuildCommonClasses (37ms)
	RebuildNativeTypeToScriptingClass (11ms)
	initialDomainReloadingComplete (47ms)
	LoadAllAssembliesAndSetupDomain (482ms)
		LoadAssemblies (367ms)
		RebuildTransferFunctionScriptingTraits (0ms)
		AnalyzeDomain (210ms)
			TypeCache.Refresh (188ms)
				TypeCache.ScanAssembly (167ms)
			ScanForSourceGeneratedMonoScriptInfo (16ms)
			ResolveRequiredComponents (5ms)
	FinalizeReload (664ms)
		ReleaseScriptCaches (0ms)
		RebuildScriptCaches (0ms)
		SetupLoadedEditorAssemblies (492ms)
			LogAssemblyErrors (0ms)
			InitializePlatformSupportModulesInManaged (6ms)
			SetLoadedEditorAssemblies (5ms)
			RefreshPlugins (0ms)
			BeforeProcessingInitializeOnLoad (67ms)
			ProcessInitializeOnLoadAttributes (386ms)
			ProcessInitializeOnLoadMethodAttributes (22ms)
			AfterProcessingInitializeOnLoad (6ms)
			EditorAssembliesLoaded (0ms)
		ExecutionOrderSort2 (0ms)
		AwakeInstancesAfterBackupRestoration (6ms)
Launched and connected shader compiler UnityShaderCompiler.exe after 0.04 seconds
Refreshing native plugins compatible for Editor in 4.14 ms, found 3 plugins.
Preloading 0 native plugins for Editor in 0.00 ms.
Unloading 3198 Unused Serialized files (Serialized files now loaded: 0)
Unloading 44 unused Assets / (63.9 KB). Loaded Objects now: 3663.
Memory consumption went from 201.6 MB to 201.5 MB.
Total: 3.307600 ms (FindLiveObjects: 0.263600 ms CreateObjectMapping: 0.266700 ms MarkObjects: 2.619600 ms  DeleteObjects: 0.156200 ms)

AssetImportParameters requested are different than current active one (requested -> active):
  custom:container-demuxer-ogg: 62fdf1f143b41e24485cea50d1cbac27 -> 
  custom:video-decoder-ogg-theora: a1e56fd34408186e4bbccfd4996cb3dc -> 
  custom:framework-win-MediaFoundation: 216162199b28c13a410421893ffa2e32 -> 
  custom:CustomObjectIndexerAttribute: 756ad292c208cfabdd7b50bc23989ffe -> 
  custom:container-demuxer-webm: 4f35f7cbe854078d1ac9338744f61a02 -> 
  custom:container-muxer-webm: aa71ff27fc2769a1b78a27578f13a17b -> 
  custom:video-decoder-webm-vp8: 9c59270c3fd7afecdb556c50c9e8de78 -> 
  custom:SearchIndexIgnoredProperties: e643bd26f0fe6173181afceb89e7c659 -> 
  custom:AudioImporter_EditorPlatform: d09bf68614088b80899f8185d706f6e7 -> 
  custom:video-encoder-webm-vp8: eb34c28f22e8b96e1ab97ce403110664 -> 
  custom:audio-decoder-ogg-vorbis: bf7c407c2cedff20999df2af8eb42d56 -> 
  custom:audio-encoder-webm-vorbis: bf7c407c2cedff20999df2af8eb42d56 -> 
========================================================================
Received Import Request.
  Time since last request: 539948.467855 seconds.
  path: Assets/sFuture Modules Pro/Materials/Glass.mat
  artifactKey: Guid(4383d3455675902409a4730a27265971) Importer(815301076,1909f56bfc062723c751e8b465ee728b)
Start importing Assets/sFuture Modules Pro/Materials/Glass.mat using Guid(4383d3455675902409a4730a27265971) Importer(815301076,1909f56bfc062723c751e8b465ee728b)  -> (artifact id: '0eb3e6cdbbf6b6a9a8dbac927697b5bc') in 0.283718 seconds
Number of updated asset objects reloaded before import = 0
Number of asset objects unloaded after import = 1
========================================================================
Received Import Request.
  Time since last request: 0.870674 seconds.
  path: Assets/sFuture Modules Pro/Prefabs/2nd Floor/sFuture Modules Pro Rail.prefab
  artifactKey: Guid(5065594f0a1c9ad47a6c323ad6548923) Importer(815301076,1909f56bfc062723c751e8b465ee728b)
Start importing Assets/sFuture Modules Pro/Prefabs/2nd Floor/sFuture Modules Pro Rail.prefab using Guid(5065594f0a1c9ad47a6c323ad6548923) Importer(815301076,1909f56bfc062723c751e8b465ee728b)  -> (artifact id: 'd89bb0abe9cd1a92b83756db867b6477') in 0.323469 seconds
Number of updated asset objects reloaded before import = 0
Number of asset objects unloaded after import = 15
========================================================================
Received Import Request.
  Time since last request: 0.000016 seconds.
  path: Assets/sFuture Modules Pro/Prefabs/2nd Floor/sFuture Modules Pro Ramp Rail.prefab
  artifactKey: Guid(3a212bf86189d6141ac8840d62d1ad63) Importer(815301076,1909f56bfc062723c751e8b465ee728b)
Start importing Assets/sFuture Modules Pro/Prefabs/2nd Floor/sFuture Modules Pro Ramp Rail.prefab using Guid(3a212bf86189d6141ac8840d62d1ad63) Importer(815301076,1909f56bfc062723c751e8b465ee728b)  -> (artifact id: '6e49677acf4156a76f87295ea09c9d95') in 0.022402 seconds
Number of updated asset objects reloaded before import = 0
Number of asset objects unloaded after import = 15
========================================================================
Received Import Request.
  Time since last request: 0.928672 seconds.
  path: Assets/sFuture Modules Pro/Prefabs/45/sFuture Modules Pro 45 Frame.prefab
  artifactKey: Guid(41636dbbab06966449e706a8db82b3cc) Importer(815301076,1909f56bfc062723c751e8b465ee728b)
Start importing Assets/sFuture Modules Pro/Prefabs/45/sFuture Modules Pro 45 Frame.prefab using Guid(41636dbbab06966449e706a8db82b3cc) Importer(815301076,1909f56bfc062723c751e8b465ee728b)  -> (artifact id: '39e4f9fdf3d849011acefb870b936263') in 0.024457 seconds
Number of updated asset objects reloaded before import = 0
Number of asset objects unloaded after import = 14
========================================================================
Received Import Request.
  Time since last request: 0.000020 seconds.
  path: Assets/sFuture Modules Pro/Prefabs/45/sFuture Modules Pro 45 Panel.prefab
  artifactKey: Guid(a752dd35fc5bc254382b9f598d3bd687) Importer(815301076,1909f56bfc062723c751e8b465ee728b)
Start importing Assets/sFuture Modules Pro/Prefabs/45/sFuture Modules Pro 45 Panel.prefab using Guid(a752dd35fc5bc254382b9f598d3bd687) Importer(815301076,1909f56bfc062723c751e8b465ee728b)  -> (artifact id: 'ec231befa86bd66beb5d4e4b744aef23') in 0.022367 seconds
Number of updated asset objects reloaded before import = 0
Number of asset objects unloaded after import = 15
========================================================================
Received Import Request.
  Time since last request: 0.000017 seconds.
  path: Assets/sFuture Modules Pro/Prefabs/45/sFuture Modules Pro 45 Inner corner.prefab
  artifactKey: Guid(b1df7f1252fabb34c82dfd825b29c091) Importer(815301076,1909f56bfc062723c751e8b465ee728b)
Start importing Assets/sFuture Modules Pro/Prefabs/45/sFuture Modules Pro 45 Inner corner.prefab using Guid(b1df7f1252fabb34c82dfd825b29c091) Importer(815301076,1909f56bfc062723c751e8b465ee728b)  -> (artifact id: 'ddf3aa8474108d065c2dffa43d58ebe8') in 0.021637 seconds
Number of updated asset objects reloaded before import = 0
Number of asset objects unloaded after import = 15
========================================================================
Received Import Request.
  Time since last request: 0.000018 seconds.
  path: Assets/sFuture Modules Pro/Prefabs/45/sFuture Modules Pro 45 Outer border.prefab
  artifactKey: Guid(dc61c801d6cdfab4999c03db21dea87a) Importer(815301076,1909f56bfc062723c751e8b465ee728b)
Start importing Assets/sFuture Modules Pro/Prefabs/45/sFuture Modules Pro 45 Outer border.prefab using Guid(dc61c801d6cdfab4999c03db21dea87a) Importer(815301076,1909f56bfc062723c751e8b465ee728b)  -> (artifact id: 'c4dcfe9271445eab269a564daba4aced') in 0.019232 seconds
Number of updated asset objects reloaded before import = 0
Number of asset objects unloaded after import = 14
========================================================================
Received Import Request.
  Time since last request: 0.000023 seconds.
  path: Assets/sFuture Modules Pro/Prefabs/45/sFuture Modules Pro 45 Inner border.prefab
  artifactKey: Guid(057604ed3942f004d888b470fdc16bec) Importer(815301076,1909f56bfc062723c751e8b465ee728b)
Start importing Assets/sFuture Modules Pro/Prefabs/45/sFuture Modules Pro 45 Inner border.prefab using Guid(057604ed3942f004d888b470fdc16bec) Importer(815301076,1909f56bfc062723c751e8b465ee728b)  -> (artifact id: 'e6ed90a62865f92730ae7434a5cdf1cf') in 0.016718 seconds
Number of updated asset objects reloaded before import = 0
Number of asset objects unloaded after import = 16
========================================================================
Received Import Request.
  Time since last request: 0.000023 seconds.
  path: Assets/sFuture Modules Pro/Prefabs/45/sFuture Modules Pro 45 Wall.prefab
  artifactKey: Guid(894d733c5aa18d14aa4ecb1c2f996b4d) Importer(815301076,1909f56bfc062723c751e8b465ee728b)
Start importing Assets/sFuture Modules Pro/Prefabs/45/sFuture Modules Pro 45 Wall.prefab using Guid(894d733c5aa18d14aa4ecb1c2f996b4d) Importer(815301076,1909f56bfc062723c751e8b465ee728b)  -> (artifact id: '98decf990cc6a59b97da977731638ec3') in 0.020457 seconds
Number of updated asset objects reloaded before import = 0
Number of asset objects unloaded after import = 17
========================================================================
Received Import Request.
  Time since last request: 0.000029 seconds.
  path: Assets/sFuture Modules Pro/Prefabs/45/sFuture Modules Pro 45 Outer corner.prefab
  artifactKey: Guid(d688705121a63fb439a34805855f6bce) Importer(815301076,1909f56bfc062723c751e8b465ee728b)
Start importing Assets/sFuture Modules Pro/Prefabs/45/sFuture Modules Pro 45 Outer corner.prefab using Guid(d688705121a63fb439a34805855f6bce) Importer(815301076,1909f56bfc062723c751e8b465ee728b)  -> (artifact id: 'bfa2646c92924d64d94d0f51f7fe3bbd') in 0.020609 seconds
Number of updated asset objects reloaded before import = 0
Number of asset objects unloaded after import = 15
========================================================================
Received Import Request.
  Time since last request: 0.807816 seconds.
  path: Assets/sFuture Modules Pro/Prefabs/Core/sFuture Modules Pro Broder.prefab
  artifactKey: Guid(fcbf43d9566935b41b5fc06d0abb2a7d) Importer(815301076,1909f56bfc062723c751e8b465ee728b)
Start importing Assets/sFuture Modules Pro/Prefabs/Core/sFuture Modules Pro Broder.prefab using Guid(fcbf43d9566935b41b5fc06d0abb2a7d) Importer(815301076,1909f56bfc062723c751e8b465ee728b)  -> (artifact id: 'aa2d4ff68f303b26fabf44682ed989f0') in 0.020812 seconds
Number of updated asset objects reloaded before import = 0
Number of asset objects unloaded after import = 14
========================================================================
Received Import Request.
  Time since last request: 0.000015 seconds.
  path: Assets/sFuture Modules Pro/Prefabs/Core/sFuture Modules Pro Frame 1x1.prefab
  artifactKey: Guid(81cdccb8fc1939947b9b7e9c5fc5f810) Importer(815301076,1909f56bfc062723c751e8b465ee728b)
Start importing Assets/sFuture Modules Pro/Prefabs/Core/sFuture Modules Pro Frame 1x1.prefab using Guid(81cdccb8fc1939947b9b7e9c5fc5f810) Importer(815301076,1909f56bfc062723c751e8b465ee728b)  -> (artifact id: 'fbb4df740f5ba173a5686225ea94903d') in 0.019326 seconds
Number of updated asset objects reloaded before import = 0
Number of asset objects unloaded after import = 14
========================================================================
Received Import Request.
  Time since last request: 0.000016 seconds.
  path: Assets/sFuture Modules Pro/Prefabs/Core/sFuture Modules Pro Frame 1x1 Glass.prefab
  artifactKey: Guid(873ac25ac1e31f64e935305e5b6b41d1) Importer(815301076,1909f56bfc062723c751e8b465ee728b)
Start importing Assets/sFuture Modules Pro/Prefabs/Core/sFuture Modules Pro Frame 1x1 Glass.prefab using Guid(873ac25ac1e31f64e935305e5b6b41d1) Importer(815301076,1909f56bfc062723c751e8b465ee728b)  -> (artifact id: 'bd7e5d17e46c92a12c1168f3ebc57c26') in 0.023657 seconds
Number of updated asset objects reloaded before import = 0
Number of asset objects unloaded after import = 20
========================================================================
Received Import Request.
  Time since last request: 0.446825 seconds.
  path: Assets/sFuture Modules Pro/Prefabs/Tube/sFuture Modules Pro Tube.prefab
  artifactKey: Guid(c4842d982edb8784da3732a322d85337) Importer(815301076,1909f56bfc062723c751e8b465ee728b)
Start importing Assets/sFuture Modules Pro/Prefabs/Tube/sFuture Modules Pro Tube.prefab using Guid(c4842d982edb8784da3732a322d85337) Importer(815301076,1909f56bfc062723c751e8b465ee728b)  -> (artifact id: '4060492cd738a64437d06881ae65af77') in 0.013954 seconds
Number of updated asset objects reloaded before import = 0
Number of asset objects unloaded after import = 15
========================================================================
Received Import Request.
  Time since last request: 0.000014 seconds.
  path: Assets/sFuture Modules Pro/Prefabs/Tube/sFuture Modules Pro Tube Lid.prefab
  artifactKey: Guid(9f5a6fbc65b30b34a897ee3d3af7b54d) Importer(815301076,1909f56bfc062723c751e8b465ee728b)
Start importing Assets/sFuture Modules Pro/Prefabs/Tube/sFuture Modules Pro Tube Lid.prefab using Guid(9f5a6fbc65b30b34a897ee3d3af7b54d) Importer(815301076,1909f56bfc062723c751e8b465ee728b)  -> (artifact id: 'c4df44520aac298074bfdf6bdc3b56af') in 0.015062 seconds
Number of updated asset objects reloaded before import = 0
Number of asset objects unloaded after import = 8
========================================================================
Received Import Request.
  Time since last request: 0.000016 seconds.
  path: Assets/sFuture Modules Pro/Prefabs/Tube/sFuture Modules Pro Tube Innerseal.prefab
  artifactKey: Guid(1cdf06b8b72b66a41a069eee85af85e5) Importer(815301076,1909f56bfc062723c751e8b465ee728b)
Start importing Assets/sFuture Modules Pro/Prefabs/Tube/sFuture Modules Pro Tube Innerseal.prefab using Guid(1cdf06b8b72b66a41a069eee85af85e5) Importer(815301076,1909f56bfc062723c751e8b465ee728b)  -> (artifact id: '8681e3805a87de73da137ac7671bd72e') in 0.013508 seconds
Number of updated asset objects reloaded before import = 0
Number of asset objects unloaded after import = 8
========================================================================
Received Import Request.
  Time since last request: 0.000046 seconds.
  path: Assets/sFuture Modules Pro/Prefabs/Tube/sFuture Modules Pro Tube Half.prefab
  artifactKey: Guid(963789f21c85e4d419595db158851c8e) Importer(815301076,1909f56bfc062723c751e8b465ee728b)
Start importing Assets/sFuture Modules Pro/Prefabs/Tube/sFuture Modules Pro Tube Half.prefab using Guid(963789f21c85e4d419595db158851c8e) Importer(815301076,1909f56bfc062723c751e8b465ee728b)  -> (artifact id: 'fe5bbf6b0995e4cbf11683cbb636d8b5') in 0.014472 seconds
Number of updated asset objects reloaded before import = 0
Number of asset objects unloaded after import = 8
========================================================================
Received Import Request.
  Time since last request: 0.000012 seconds.
  path: Assets/sFuture Modules Pro/Prefabs/Tube/sFuture Modules Pro Tube support Panel.prefab
  artifactKey: Guid(4e51eb0a1e42eed43a6526e0bb071342) Importer(815301076,1909f56bfc062723c751e8b465ee728b)
Start importing Assets/sFuture Modules Pro/Prefabs/Tube/sFuture Modules Pro Tube support Panel.prefab using Guid(4e51eb0a1e42eed43a6526e0bb071342) Importer(815301076,1909f56bfc062723c751e8b465ee728b)  -> (artifact id: '26943eb42949fb086f35e70075e80d92') in 0.013497 seconds
Number of updated asset objects reloaded before import = 0
Number of asset objects unloaded after import = 8
========================================================================
Received Import Request.
  Time since last request: 5.883196 seconds.
  path: Assets/sFuture Modules Pro/Textures/Blue/sFuture Panel Arrows  Stop Thin Border_Emission.png
  artifactKey: Guid(3211f25f929ca5441b2c22a3bf4caef6) Importer(815301076,1909f56bfc062723c751e8b465ee728b)
Start importing Assets/sFuture Modules Pro/Textures/Blue/sFuture Panel Arrows  Stop Thin Border_Emission.png using Guid(3211f25f929ca5441b2c22a3bf4caef6) Importer(815301076,1909f56bfc062723c751e8b465ee728b)  -> (artifact id: '84638b7f01667647fbd87b39fdf09d51') in 0.024395 seconds
Number of updated asset objects reloaded before import = 0
Number of asset objects unloaded after import = 2
========================================================================
Received Import Request.
  Time since last request: 0.000032 seconds.
  path: Assets/sFuture Modules Pro/Textures/Blue/sFuture Panel Arrows  Stop Thin Border_Occlusion.png
  artifactKey: Guid(ade7c013ef4e7e34993c24380f88f475) Importer(815301076,1909f56bfc062723c751e8b465ee728b)
Start importing Assets/sFuture Modules Pro/Textures/Blue/sFuture Panel Arrows  Stop Thin Border_Occlusion.png using Guid(ade7c013ef4e7e34993c24380f88f475) Importer(815301076,1909f56bfc062723c751e8b465ee728b)  -> (artifact id: '165b7073b04659620daa1df86735ec3b') in 0.017777 seconds
Number of updated asset objects reloaded before import = 0
Number of asset objects unloaded after import = 2
========================================================================
Received Import Request.
  Time since last request: 0.000020 seconds.
  path: Assets/sFuture Modules Pro/Textures/Blue/sFuture Panel Holes Thin Border_Specular.tga
  artifactKey: Guid(dcebb96a045e24d4daa11c6f3586e8e2) Importer(815301076,1909f56bfc062723c751e8b465ee728b)
Start importing Assets/sFuture Modules Pro/Textures/Blue/sFuture Panel Holes Thin Border_Specular.tga using Guid(dcebb96a045e24d4daa11c6f3586e8e2) Importer(815301076,1909f56bfc062723c751e8b465ee728b)  -> (artifact id: '60b7053e865c971b4845355588a3511f') in 0.017087 seconds
Number of updated asset objects reloaded before import = 0
Number of asset objects unloaded after import = 2
========================================================================
Received Import Request.
  Time since last request: 0.000016 seconds.
  path: Assets/sFuture Modules Pro/Textures/Blue/sFuture Panel Bumper Thin Border_Emission.png
  artifactKey: Guid(01b377ad01759764caeb92dc0b3975d4) Importer(815301076,1909f56bfc062723c751e8b465ee728b)
Start importing Assets/sFuture Modules Pro/Textures/Blue/sFuture Panel Bumper Thin Border_Emission.png using Guid(01b377ad01759764caeb92dc0b3975d4) Importer(815301076,1909f56bfc062723c751e8b465ee728b)  -> (artifact id: '7dc1d1ab1aa4d14e1bcabe05a007202c') in 0.010168 seconds
Number of updated asset objects reloaded before import = 0
Number of asset objects unloaded after import = 2
========================================================================
Received Import Request.
  Time since last request: 0.000035 seconds.
  path: Assets/sFuture Modules Pro/Textures/Blue/sFuture Panel Light 1 Thin Border_NormalMap.png
  artifactKey: Guid(4bf5f8e217becf84bb84d92c6ea89dea) Importer(815301076,1909f56bfc062723c751e8b465ee728b)
Start importing Assets/sFuture Modules Pro/Textures/Blue/sFuture Panel Light 1 Thin Border_NormalMap.png using Guid(4bf5f8e217becf84bb84d92c6ea89dea) Importer(815301076,1909f56bfc062723c751e8b465ee728b)  -> (artifact id: 'b996bcddac0f025a9a7f211c4e91ddfd') in 0.025416 seconds
Number of updated asset objects reloaded before import = 0
Number of asset objects unloaded after import = 2
========================================================================
Received Import Request.
  Time since last request: 0.000017 seconds.
  path: Assets/sFuture Modules Pro/Textures/Blue/sFuture Panel Arrows Thin Border_Emission.png
  artifactKey: Guid(c66ca60c1a543f34ab6b8f784b1eb86c) Importer(815301076,1909f56bfc062723c751e8b465ee728b)
Start importing Assets/sFuture Modules Pro/Textures/Blue/sFuture Panel Arrows Thin Border_Emission.png using Guid(c66ca60c1a543f34ab6b8f784b1eb86c) Importer(815301076,1909f56bfc062723c751e8b465ee728b)  -> (artifact id: 'b14dc43caca6e7c5b61efa8fc217c98b') in 0.012048 seconds
Number of updated asset objects reloaded before import = 0
Number of asset objects unloaded after import = 2
========================================================================
Received Import Request.
  Time since last request: 0.000016 seconds.
  path: Assets/sFuture Modules Pro/Textures/Blue/sFuture Panel Plain Thin Border_Albedo.tga
  artifactKey: Guid(85f05aca38cf4d84eb9d4301a59276d7) Importer(815301076,1909f56bfc062723c751e8b465ee728b)
Start importing Assets/sFuture Modules Pro/Textures/Blue/sFuture Panel Plain Thin Border_Albedo.tga using Guid(85f05aca38cf4d84eb9d4301a59276d7) Importer(815301076,1909f56bfc062723c751e8b465ee728b)  -> (artifact id: '439068e5bd3a521fe102161187016e76') in 0.016078 seconds
Number of updated asset objects reloaded before import = 0
Number of asset objects unloaded after import = 2
========================================================================
Received Import Request.
  Time since last request: 0.000023 seconds.
  path: Assets/sFuture Modules Pro/Textures/Blue/sFuture Panel Holes Thin Border_Occlusion.png
  artifactKey: Guid(6992e1fde49e0a84f875cb556eaf7203) Importer(815301076,1909f56bfc062723c751e8b465ee728b)
Start importing Assets/sFuture Modules Pro/Textures/Blue/sFuture Panel Holes Thin Border_Occlusion.png using Guid(6992e1fde49e0a84f875cb556eaf7203) Importer(815301076,1909f56bfc062723c751e8b465ee728b)  -> (artifact id: '22445f5c9072c4f1401bc9f6a91d695e') in 0.019972 seconds
Number of updated asset objects reloaded before import = 0
Number of asset objects unloaded after import = 2
========================================================================
Received Import Request.
  Time since last request: 0.000016 seconds.
  path: Assets/sFuture Modules Pro/Textures/Blue/sFuture Panel Electronics 1 Thin Border_Occlusion.png
  artifactKey: Guid(870fc110474cc874e90172ad2e1f45ce) Importer(815301076,1909f56bfc062723c751e8b465ee728b)
Start importing Assets/sFuture Modules Pro/Textures/Blue/sFuture Panel Electronics 1 Thin Border_Occlusion.png using Guid(870fc110474cc874e90172ad2e1f45ce) Importer(815301076,1909f56bfc062723c751e8b465ee728b)  -> (artifact id: '46e1d81d61220626eb1e1d196c6f34e9') in 0.015837 seconds
Number of updated asset objects reloaded before import = 0
Number of asset objects unloaded after import = 2
========================================================================
Received Import Request.
  Time since last request: 0.000019 seconds.
  path: Assets/sFuture Modules Pro/Textures/Blue/sFuture Panel Bumper Thin Border_NormalMap.png
  artifactKey: Guid(b38b4f42cf3e3a348a3bc99ab1273f0d) Importer(815301076,1909f56bfc062723c751e8b465ee728b)
Start importing Assets/sFuture Modules Pro/Textures/Blue/sFuture Panel Bumper Thin Border_NormalMap.png using Guid(b38b4f42cf3e3a348a3bc99ab1273f0d) Importer(815301076,1909f56bfc062723c751e8b465ee728b)  -> (artifact id: '1d19f9806b232da6399376556d471661') in 0.018734 seconds
Number of updated asset objects reloaded before import = 0
Number of asset objects unloaded after import = 2
========================================================================
Received Import Request.
  Time since last request: 0.000023 seconds.
  path: Assets/sFuture Modules Pro/Textures/Blue/sFuture Panel Arrows Thin Border_HeightMap.png
  artifactKey: Guid(8e3b7e5988c5cdc4bbd2dad9ee188825) Importer(815301076,1909f56bfc062723c751e8b465ee728b)
Start importing Assets/sFuture Modules Pro/Textures/Blue/sFuture Panel Arrows Thin Border_HeightMap.png using Guid(8e3b7e5988c5cdc4bbd2dad9ee188825) Importer(815301076,1909f56bfc062723c751e8b465ee728b)  -> (artifact id: '265513b0da03e74d1bd56bc3b98cfc21') in 0.016559 seconds
Number of updated asset objects reloaded before import = 0
Number of asset objects unloaded after import = 2
========================================================================
Received Import Request.
  Time since last request: 0.000016 seconds.
  path: Assets/sFuture Modules Pro/Textures/Blue/sFuture Panel Electronics 1 Thin Border_NormalMap.png
  artifactKey: Guid(ef66153391160fc478aba525ae316d40) Importer(815301076,1909f56bfc062723c751e8b465ee728b)
Start importing Assets/sFuture Modules Pro/Textures/Blue/sFuture Panel Electronics 1 Thin Border_NormalMap.png using Guid(ef66153391160fc478aba525ae316d40) Importer(815301076,1909f56bfc062723c751e8b465ee728b)  -> (artifact id: 'c01d3d20922077a5454332a9e3b7c09a') in 0.018339 seconds
Number of updated asset objects reloaded before import = 0
Number of asset objects unloaded after import = 2
========================================================================
Received Import Request.
  Time since last request: 0.000018 seconds.
  path: Assets/sFuture Modules Pro/Textures/Blue/sFuture Panel Bumper Light Thin Border_Emission.png
  artifactKey: Guid(e8888a3973b7b5441b2318b11501e34f) Importer(815301076,1909f56bfc062723c751e8b465ee728b)
Start importing Assets/sFuture Modules Pro/Textures/Blue/sFuture Panel Bumper Light Thin Border_Emission.png using Guid(e8888a3973b7b5441b2318b11501e34f) Importer(815301076,1909f56bfc062723c751e8b465ee728b)  -> (artifact id: '614d94a32d33d158fa33b2a02ed65092') in 0.018716 seconds
Number of updated asset objects reloaded before import = 0
Number of asset objects unloaded after import = 2
========================================================================
Received Import Request.
  Time since last request: 0.000016 seconds.
  path: Assets/sFuture Modules Pro/Textures/Blue/sFuture Panel Bumper Light Thin Border_HeightMap.png
  artifactKey: Guid(9a058c4e951a0a34187ea6bbbde36904) Importer(815301076,1909f56bfc062723c751e8b465ee728b)
Start importing Assets/sFuture Modules Pro/Textures/Blue/sFuture Panel Bumper Light Thin Border_HeightMap.png using Guid(9a058c4e951a0a34187ea6bbbde36904) Importer(815301076,1909f56bfc062723c751e8b465ee728b)  -> (artifact id: 'ccebeaa560ae6cfb67298b06b3fc3ed6') in 0.016451 seconds
Number of updated asset objects reloaded before import = 0
Number of asset objects unloaded after import = 2
========================================================================
Received Import Request.
  Time since last request: 0.000021 seconds.
  path: Assets/sFuture Modules Pro/Textures/Blue/sFuture Panel Holes Thin Border_NormalMap.png
  artifactKey: Guid(e1d074f98ad60194ab755a67c2d722b6) Importer(815301076,1909f56bfc062723c751e8b465ee728b)
Start importing Assets/sFuture Modules Pro/Textures/Blue/sFuture Panel Holes Thin Border_NormalMap.png using Guid(e1d074f98ad60194ab755a67c2d722b6) Importer(815301076,1909f56bfc062723c751e8b465ee728b)  -> (artifact id: 'f3296550e2653f31487a08655633fe67') in 0.017598 seconds
Number of updated asset objects reloaded before import = 0
Number of asset objects unloaded after import = 2
========================================================================
Received Import Request.
  Time since last request: 0.000027 seconds.
  path: Assets/sFuture Modules Pro/Textures/Blue/sFuture Panel Arrows Thin Border_Occlusion.png
  artifactKey: Guid(990d3c1a08e87e74d908242b5e9caed5) Importer(815301076,1909f56bfc062723c751e8b465ee728b)
Start importing Assets/sFuture Modules Pro/Textures/Blue/sFuture Panel Arrows Thin Border_Occlusion.png using Guid(990d3c1a08e87e74d908242b5e9caed5) Importer(815301076,1909f56bfc062723c751e8b465ee728b)  -> (artifact id: '9f5f9fce016100fac91a443e2c72e51e') in 0.019111 seconds
Number of updated asset objects reloaded before import = 0
Number of asset objects unloaded after import = 2
========================================================================
Received Import Request.
  Time since last request: 0.000017 seconds.
  path: Assets/sFuture Modules Pro/Textures/Blue/sFuture Panel Light 2 Thin Border_NormalMap.png
  artifactKey: Guid(0d7f16d3301ec81469752299bfc74286) Importer(815301076,1909f56bfc062723c751e8b465ee728b)
Start importing Assets/sFuture Modules Pro/Textures/Blue/sFuture Panel Light 2 Thin Border_NormalMap.png using Guid(0d7f16d3301ec81469752299bfc74286) Importer(815301076,1909f56bfc062723c751e8b465ee728b)  -> (artifact id: '4e8ee8eccba3e0003616bfaea9d71fab') in 0.019585 seconds
Number of updated asset objects reloaded before import = 0
Number of asset objects unloaded after import = 2
========================================================================
Received Import Request.
  Time since last request: 0.000041 seconds.
  path: Assets/sFuture Modules Pro/Textures/Blue/sFuture Panel Light 1 Thin Border_HeightMap.png
  artifactKey: Guid(b91b5e84efcda404fab315f9abf20dcb) Importer(815301076,1909f56bfc062723c751e8b465ee728b)
Start importing Assets/sFuture Modules Pro/Textures/Blue/sFuture Panel Light 1 Thin Border_HeightMap.png using Guid(b91b5e84efcda404fab315f9abf20dcb) Importer(815301076,1909f56bfc062723c751e8b465ee728b)  -> (artifact id: 'e4cda795985368c305f25471a2efbe27') in 0.020191 seconds
Number of updated asset objects reloaded before import = 0
Number of asset objects unloaded after import = 2
========================================================================
Received Import Request.
  Time since last request: 0.169210 seconds.
  path: Assets/sFuture Modules Pro/Textures/Gold/sFuture Panel Arrows  Stop Thin Border_Emission.png
  artifactKey: Guid(fc606876f0893e849b568f4632a1a0f0) Importer(815301076,1909f56bfc062723c751e8b465ee728b)
Start importing Assets/sFuture Modules Pro/Textures/Gold/sFuture Panel Arrows  Stop Thin Border_Emission.png using Guid(fc606876f0893e849b568f4632a1a0f0) Importer(815301076,1909f56bfc062723c751e8b465ee728b)  -> (artifact id: '7f05ef1bf74c0ac6a58576e78effc811') in 0.011222 seconds
Number of updated asset objects reloaded before import = 0
Number of asset objects unloaded after import = 2
========================================================================
Received Import Request.
  Time since last request: 0.000014 seconds.
  path: Assets/sFuture Modules Pro/Textures/Gold/sFuture Panel Arrows Thin Border_Albedo.tga
  artifactKey: Guid(eb1a73d4fbe3d0f409e31be3decef27d) Importer(815301076,1909f56bfc062723c751e8b465ee728b)
Start importing Assets/sFuture Modules Pro/Textures/Gold/sFuture Panel Arrows Thin Border_Albedo.tga using Guid(eb1a73d4fbe3d0f409e31be3decef27d) Importer(815301076,1909f56bfc062723c751e8b465ee728b)  -> (artifact id: '8e33a4792269dac7970e55165c908037') in 0.016886 seconds
Number of updated asset objects reloaded before import = 0
Number of asset objects unloaded after import = 2
========================================================================
Received Import Request.
  Time since last request: 0.000147 seconds.
  path: Assets/sFuture Modules Pro/Textures/Gold/sFuture Panel Light 2 Thin Border_Emission.png
  artifactKey: Guid(69dbfa2e326f32244b30bbc6cd614061) Importer(815301076,1909f56bfc062723c751e8b465ee728b)
Start importing Assets/sFuture Modules Pro/Textures/Gold/sFuture Panel Light 2 Thin Border_Emission.png using Guid(69dbfa2e326f32244b30bbc6cd614061) Importer(815301076,1909f56bfc062723c751e8b465ee728b)  -> (artifact id: 'f8f41ee3249e48ba2610cd35f29c1fa3') in 0.016349 seconds
Number of updated asset objects reloaded before import = 0
Number of asset objects unloaded after import = 2
========================================================================
Received Import Request.
  Time since last request: 0.000017 seconds.
  path: Assets/sFuture Modules Pro/Textures/Gold/sFuture Panel Arrows Thin Border_NormalMap.png
  artifactKey: Guid(8ebfe2c7c4842764dbfd65d63d5f4a14) Importer(815301076,1909f56bfc062723c751e8b465ee728b)
Start importing Assets/sFuture Modules Pro/Textures/Gold/sFuture Panel Arrows Thin Border_NormalMap.png using Guid(8ebfe2c7c4842764dbfd65d63d5f4a14) Importer(815301076,1909f56bfc062723c751e8b465ee728b)  -> (artifact id: 'cc9b824dea07fe3b0fec35bb030c9251') in 0.016147 seconds
Number of updated asset objects reloaded before import = 0
Number of asset objects unloaded after import = 2
========================================================================
Received Import Request.
  Time since last request: 0.000019 seconds.
  path: Assets/sFuture Modules Pro/Textures/Gold/sFuture Panel Light 2 Thin Border_NormalMap.png
  artifactKey: Guid(dbe236b6883cf12479c0c47ceb4470a3) Importer(815301076,1909f56bfc062723c751e8b465ee728b)
Start importing Assets/sFuture Modules Pro/Textures/Gold/sFuture Panel Light 2 Thin Border_NormalMap.png using Guid(dbe236b6883cf12479c0c47ceb4470a3) Importer(815301076,1909f56bfc062723c751e8b465ee728b)  -> (artifact id: '619034aa3d51b52a69adfb479cf43c59') in 0.015922 seconds
Number of updated asset objects reloaded before import = 0
Number of asset objects unloaded after import = 2
========================================================================
Received Import Request.
  Time since last request: 0.000018 seconds.
  path: Assets/sFuture Modules Pro/Textures/Gold/sFuture Panel Bumper Thin Border_HeightMap.png
  artifactKey: Guid(0027efaabbf56ed4199d0c974994bf65) Importer(815301076,1909f56bfc062723c751e8b465ee728b)
Start importing Assets/sFuture Modules Pro/Textures/Gold/sFuture Panel Bumper Thin Border_HeightMap.png using Guid(0027efaabbf56ed4199d0c974994bf65) Importer(815301076,1909f56bfc062723c751e8b465ee728b)  -> (artifact id: '2f416902ecce1b06b8d69a2eb870020e') in 0.011486 seconds
Number of updated asset objects reloaded before import = 0
Number of asset objects unloaded after import = 2
========================================================================
Received Import Request.
  Time since last request: 0.000014 seconds.
  path: Assets/sFuture Modules Pro/Textures/Gold/sFuture Panel Electronics 1 Thin Border_Specular.tga
  artifactKey: Guid(5a9709b84f319454582fd0bd738d15b8) Importer(815301076,1909f56bfc062723c751e8b465ee728b)
Start importing Assets/sFuture Modules Pro/Textures/Gold/sFuture Panel Electronics 1 Thin Border_Specular.tga using Guid(5a9709b84f319454582fd0bd738d15b8) Importer(815301076,1909f56bfc062723c751e8b465ee728b)  -> (artifact id: '78619bbc68f55f5fb933c12456a4da15') in 0.020536 seconds
Number of updated asset objects reloaded before import = 0
Number of asset objects unloaded after import = 2
========================================================================
Received Import Request.
  Time since last request: 0.000015 seconds.
  path: Assets/sFuture Modules Pro/Textures/Gold/sFuture Panel Light 1 Thin Border_Specular.tga
  artifactKey: Guid(6be155d9bb33768498f0fd0a26f9ad03) Importer(815301076,1909f56bfc062723c751e8b465ee728b)
Start importing Assets/sFuture Modules Pro/Textures/Gold/sFuture Panel Light 1 Thin Border_Specular.tga using Guid(6be155d9bb33768498f0fd0a26f9ad03) Importer(815301076,1909f56bfc062723c751e8b465ee728b)  -> (artifact id: 'c2a7f96456986b7e696a70d44634b0e6') in 0.017334 seconds
Number of updated asset objects reloaded before import = 0
Number of asset objects unloaded after import = 2
========================================================================
Received Import Request.
  Time since last request: 0.000019 seconds.
  path: Assets/sFuture Modules Pro/Textures/Gold/sFuture Panel Light 1 Thin Border_Emission.png
  artifactKey: Guid(664f462c0d2e2724bbe95cbc6c389050) Importer(815301076,1909f56bfc062723c751e8b465ee728b)
Start importing Assets/sFuture Modules Pro/Textures/Gold/sFuture Panel Light 1 Thin Border_Emission.png using Guid(664f462c0d2e2724bbe95cbc6c389050) Importer(815301076,1909f56bfc062723c751e8b465ee728b)  -> (artifact id: '7d0289b45c8f29fe520e1739c3b8e484') in 0.016929 seconds
Number of updated asset objects reloaded before import = 0
Number of asset objects unloaded after import = 2
========================================================================
Received Import Request.
  Time since last request: 0.000017 seconds.
  path: Assets/sFuture Modules Pro/Textures/Gold/sFuture Panel Light 1 Thin Border_Occlusion.png
  artifactKey: Guid(a9bc5d741b426ec46859442b23b33982) Importer(815301076,1909f56bfc062723c751e8b465ee728b)
Start importing Assets/sFuture Modules Pro/Textures/Gold/sFuture Panel Light 1 Thin Border_Occlusion.png using Guid(a9bc5d741b426ec46859442b23b33982) Importer(815301076,1909f56bfc062723c751e8b465ee728b)  -> (artifact id: 'da2b969d9194fb63acccae33847af75e') in 0.010900 seconds
Number of updated asset objects reloaded before import = 0
Number of asset objects unloaded after import = 2
========================================================================
Received Import Request.
  Time since last request: 0.000024 seconds.
  path: Assets/sFuture Modules Pro/Textures/Gold/sFuture Panel Light 2 Thin Border_Albedo.tga
  artifactKey: Guid(f9580741e548d7841b63aeeaa608a8e4) Importer(815301076,1909f56bfc062723c751e8b465ee728b)
Start importing Assets/sFuture Modules Pro/Textures/Gold/sFuture Panel Light 2 Thin Border_Albedo.tga using Guid(f9580741e548d7841b63aeeaa608a8e4) Importer(815301076,1909f56bfc062723c751e8b465ee728b)  -> (artifact id: 'ecb53c766ffa9c945e7cbc1c15c2449e') in 0.018431 seconds
Number of updated asset objects reloaded before import = 0
Number of asset objects unloaded after import = 2
========================================================================
Received Import Request.
  Time since last request: 0.000018 seconds.
  path: Assets/sFuture Modules Pro/Textures/Gold/sFuture Panel Bumper Thin Border_Occlusion.png
  artifactKey: Guid(a87289e7bd684d24fb007bdc746873e6) Importer(815301076,1909f56bfc062723c751e8b465ee728b)
Start importing Assets/sFuture Modules Pro/Textures/Gold/sFuture Panel Bumper Thin Border_Occlusion.png using Guid(a87289e7bd684d24fb007bdc746873e6) Importer(815301076,1909f56bfc062723c751e8b465ee728b)  -> (artifact id: '9029dfcde415881a61e051a904ffd830') in 0.012275 seconds
Number of updated asset objects reloaded before import = 0
Number of asset objects unloaded after import = 2
========================================================================
Received Import Request.
  Time since last request: 0.000029 seconds.
  path: Assets/sFuture Modules Pro/Textures/Gold/sFuture Panel Light 2 Thin Border_Occlusion.png
  artifactKey: Guid(5618d310ac0211c46a4d5152b01eb3a2) Importer(815301076,1909f56bfc062723c751e8b465ee728b)
Start importing Assets/sFuture Modules Pro/Textures/Gold/sFuture Panel Light 2 Thin Border_Occlusion.png using Guid(5618d310ac0211c46a4d5152b01eb3a2) Importer(815301076,1909f56bfc062723c751e8b465ee728b)  -> (artifact id: 'd1d4d38bae1e407a61de819ad3e8269d') in 0.012159 seconds
Number of updated asset objects reloaded before import = 0
Number of asset objects unloaded after import = 2
========================================================================
Received Import Request.
  Time since last request: 0.000056 seconds.
  path: Assets/sFuture Modules Pro/Textures/Gold/sFuture Panel Holes Thin Border_HeightMap.png
  artifactKey: Guid(145874e6756fbd341b03161284f1ef9c) Importer(815301076,1909f56bfc062723c751e8b465ee728b)
Start importing Assets/sFuture Modules Pro/Textures/Gold/sFuture Panel Holes Thin Border_HeightMap.png using Guid(145874e6756fbd341b03161284f1ef9c) Importer(815301076,1909f56bfc062723c751e8b465ee728b)  -> (artifact id: 'c83f0aff85f83ce8fe7992621c865517') in 0.010411 seconds
Number of updated asset objects reloaded before import = 0
Number of asset objects unloaded after import = 2
========================================================================
Received Import Request.
  Time since last request: 0.000020 seconds.
  path: Assets/sFuture Modules Pro/Textures/Gold/sFuture Panel Arrows Thin Border_HeightMap.png
  artifactKey: Guid(e4f8aa1eb0447514eb4cf78d38ef9445) Importer(815301076,1909f56bfc062723c751e8b465ee728b)
Start importing Assets/sFuture Modules Pro/Textures/Gold/sFuture Panel Arrows Thin Border_HeightMap.png using Guid(e4f8aa1eb0447514eb4cf78d38ef9445) Importer(815301076,1909f56bfc062723c751e8b465ee728b)  -> (artifact id: 'ee7cb44de63516e8219d0addfa9635df') in 0.011246 seconds
Number of updated asset objects reloaded before import = 0
Number of asset objects unloaded after import = 2
========================================================================
Received Import Request.
  Time since last request: 0.000037 seconds.
  path: Assets/sFuture Modules Pro/Textures/Gold/sFuture Panel Bumper Light Thin Border_NormalMap.png
  artifactKey: Guid(eeddbacf592df5546afc23efe27cb716) Importer(815301076,1909f56bfc062723c751e8b465ee728b)
Start importing Assets/sFuture Modules Pro/Textures/Gold/sFuture Panel Bumper Light Thin Border_NormalMap.png using Guid(eeddbacf592df5546afc23efe27cb716) Importer(815301076,1909f56bfc062723c751e8b465ee728b)  -> (artifact id: '591919fd65824d75d6ffcbee55bb9272') in 0.016148 seconds
Number of updated asset objects reloaded before import = 0
Number of asset objects unloaded after import = 2
========================================================================
Received Import Request.
  Time since last request: 0.000017 seconds.
  path: Assets/sFuture Modules Pro/Textures/Gold/sFuture Panel Arrows  Stop Thin Border_Specular.tga
  artifactKey: Guid(e6c11f0465bff7d4d8cfbdbc42bf5083) Importer(815301076,1909f56bfc062723c751e8b465ee728b)
Start importing Assets/sFuture Modules Pro/Textures/Gold/sFuture Panel Arrows  Stop Thin Border_Specular.tga using Guid(e6c11f0465bff7d4d8cfbdbc42bf5083) Importer(815301076,1909f56bfc062723c751e8b465ee728b)  -> (artifact id: '58e4e8442f3bb4ae4a533566aa00fb12') in 0.019412 seconds
Number of updated asset objects reloaded before import = 0
Number of asset objects unloaded after import = 2
========================================================================
Received Import Request.
  Time since last request: 0.000015 seconds.
  path: Assets/sFuture Modules Pro/Textures/Gold/sFuture Panel Holes Thin Border_Emission.png
  artifactKey: Guid(1439f925c6a110b45b70770d6519fad2) Importer(815301076,1909f56bfc062723c751e8b465ee728b)
Start importing Assets/sFuture Modules Pro/Textures/Gold/sFuture Panel Holes Thin Border_Emission.png using Guid(1439f925c6a110b45b70770d6519fad2) Importer(815301076,1909f56bfc062723c751e8b465ee728b)  -> (artifact id: 'a692b3a5636b74474825b5cb27647795') in 0.011252 seconds
Number of updated asset objects reloaded before import = 0
Number of asset objects unloaded after import = 2
========================================================================
Received Import Request.
  Time since last request: 0.158375 seconds.
  path: Assets/sFuture Modules Pro/Textures/White/sFuture Panel  2 Blackstripes Thin Border_Emission.png
  artifactKey: Guid(16969dafea3f0244ca17e0f8501da5d1) Importer(815301076,1909f56bfc062723c751e8b465ee728b)
Start importing Assets/sFuture Modules Pro/Textures/White/sFuture Panel  2 Blackstripes Thin Border_Emission.png using Guid(16969dafea3f0244ca17e0f8501da5d1) Importer(815301076,1909f56bfc062723c751e8b465ee728b)  -> (artifact id: '70c4bd72c1a34cf1ba7dc86293a2f35e') in 0.011585 seconds
Number of updated asset objects reloaded before import = 0
Number of asset objects unloaded after import = 2
========================================================================
Received Import Request.
  Time since last request: 0.000016 seconds.
  path: Assets/sFuture Modules Pro/Textures/White/sFuture Panel Arrows Thin Border_Emission.png
  artifactKey: Guid(3b9f0a323cd1c5c43b5ea45734f1ffba) Importer(815301076,1909f56bfc062723c751e8b465ee728b)
Start importing Assets/sFuture Modules Pro/Textures/White/sFuture Panel Arrows Thin Border_Emission.png using Guid(3b9f0a323cd1c5c43b5ea45734f1ffba) Importer(815301076,1909f56bfc062723c751e8b465ee728b)  -> (artifact id: 'f1946ab3d0ba8095d9810106ab9739e4') in 0.010562 seconds
Number of updated asset objects reloaded before import = 0
Number of asset objects unloaded after import = 2
========================================================================
Received Import Request.
  Time since last request: 0.000196 seconds.
  path: Assets/sFuture Modules Pro/Textures/White/sFuture Panel Light 1 Thin Border_HeightMap.png
  artifactKey: Guid(0b7e9b6eb8573ef49a5dc3ad9a5992f3) Importer(815301076,1909f56bfc062723c751e8b465ee728b)
Start importing Assets/sFuture Modules Pro/Textures/White/sFuture Panel Light 1 Thin Border_HeightMap.png using Guid(0b7e9b6eb8573ef49a5dc3ad9a5992f3) Importer(815301076,1909f56bfc062723c751e8b465ee728b)  -> (artifact id: '615c49036cafe074471b20ae66a6894b') in 0.014041 seconds
Number of updated asset objects reloaded before import = 0
Number of asset objects unloaded after import = 2
========================================================================
Received Import Request.
  Time since last request: 0.000012 seconds.
  path: Assets/sFuture Modules Pro/Textures/White/sFuture Panel Arrows  Stop Thin Border_Emission.png
  artifactKey: Guid(4f9dd46935f204e43b4a3c98367f33c7) Importer(815301076,1909f56bfc062723c751e8b465ee728b)
Start importing Assets/sFuture Modules Pro/Textures/White/sFuture Panel Arrows  Stop Thin Border_Emission.png using Guid(4f9dd46935f204e43b4a3c98367f33c7) Importer(815301076,1909f56bfc062723c751e8b465ee728b)  -> (artifact id: '352d946a2da9fe589a7692ba76177638') in 0.012473 seconds
Number of updated asset objects reloaded before import = 0
Number of asset objects unloaded after import = 2
========================================================================
Received Import Request.
  Time since last request: 0.000019 seconds.
  path: Assets/sFuture Modules Pro/Textures/White/sFuture Panel Arrows Thin Border_Specular.tga
  artifactKey: Guid(28e85dbc19a08ad4b94b44f8972d2d04) Importer(815301076,1909f56bfc062723c751e8b465ee728b)
Start importing Assets/sFuture Modules Pro/Textures/White/sFuture Panel Arrows Thin Border_Specular.tga using Guid(28e85dbc19a08ad4b94b44f8972d2d04) Importer(815301076,1909f56bfc062723c751e8b465ee728b)  -> (artifact id: '862c453bb1cd8d41f28cb36a2c13bd14') in 0.021657 seconds
Number of updated asset objects reloaded before import = 0
Number of asset objects unloaded after import = 2
========================================================================
Received Import Request.
  Time since last request: 0.000018 seconds.
  path: Assets/sFuture Modules Pro/Textures/White/sFuture Panel Arrows Thin Border_NormalMap.png
  artifactKey: Guid(8b0fcc718c90aae47ac5fa3ee2e6912c) Importer(815301076,1909f56bfc062723c751e8b465ee728b)
Start importing Assets/sFuture Modules Pro/Textures/White/sFuture Panel Arrows Thin Border_NormalMap.png using Guid(8b0fcc718c90aae47ac5fa3ee2e6912c) Importer(815301076,1909f56bfc062723c751e8b465ee728b)  -> (artifact id: '0fbbedc0e423a7ee003efaf988a5b662') in 0.020102 seconds
Number of updated asset objects reloaded before import = 0
Number of asset objects unloaded after import = 2
========================================================================
Received Import Request.
  Time since last request: 0.000029 seconds.
  path: Assets/sFuture Modules Pro/Textures/White/sFuture Panel Holes Thin Border_Specular.tga
  artifactKey: Guid(4d172cd38b8de164297e97d33f206dac) Importer(815301076,1909f56bfc062723c751e8b465ee728b)
Start importing Assets/sFuture Modules Pro/Textures/White/sFuture Panel Holes Thin Border_Specular.tga using Guid(4d172cd38b8de164297e97d33f206dac) Importer(815301076,1909f56bfc062723c751e8b465ee728b)  -> (artifact id: '348e963bfe4fca567639af97278711c3') in 0.018254 seconds
Number of updated asset objects reloaded before import = 0
Number of asset objects unloaded after import = 2
========================================================================
Received Import Request.
  Time since last request: 0.000025 seconds.
  path: Assets/sFuture Modules Pro/Textures/White/sFuture Panel Arrows  Stop Thin Border_NormalMap.png
  artifactKey: Guid(b6549745960d5ba4fa689f4478847982) Importer(815301076,1909f56bfc062723c751e8b465ee728b)
Start importing Assets/sFuture Modules Pro/Textures/White/sFuture Panel Arrows  Stop Thin Border_NormalMap.png using Guid(b6549745960d5ba4fa689f4478847982) Importer(815301076,1909f56bfc062723c751e8b465ee728b)  -> (artifact id: 'cc7d94b3b79b704d7ca46db87acdbb1f') in 0.018028 seconds
Number of updated asset objects reloaded before import = 0
Number of asset objects unloaded after import = 2
========================================================================
Received Import Request.
  Time since last request: 0.000013 seconds.
  path: Assets/sFuture Modules Pro/Textures/White/sFuture Panel Light 1 Thin Border_NormalMap.png
  artifactKey: Guid(fa6b103369431e44192a7612fac16bc7) Importer(815301076,1909f56bfc062723c751e8b465ee728b)
Start importing Assets/sFuture Modules Pro/Textures/White/sFuture Panel Light 1 Thin Border_NormalMap.png using Guid(fa6b103369431e44192a7612fac16bc7) Importer(815301076,1909f56bfc062723c751e8b465ee728b)  -> (artifact id: '83d83909de97e08701d28583e7194f67') in 0.019388 seconds
Number of updated asset objects reloaded before import = 0
Number of asset objects unloaded after import = 2
========================================================================
Received Import Request.
  Time since last request: 0.000013 seconds.
  path: Assets/sFuture Modules Pro/Textures/White/sFuture Panel Bumper Thin Border_HeightMap.png
  artifactKey: Guid(b5bc5d36752f6c840a470e572c6bb441) Importer(815301076,1909f56bfc062723c751e8b465ee728b)
Start importing Assets/sFuture Modules Pro/Textures/White/sFuture Panel Bumper Thin Border_HeightMap.png using Guid(b5bc5d36752f6c840a470e572c6bb441) Importer(815301076,1909f56bfc062723c751e8b465ee728b)  -> (artifact id: 'fded97b16e716735845e4cd6f94ccf51') in 0.010925 seconds
Number of updated asset objects reloaded before import = 0
Number of asset objects unloaded after import = 2
========================================================================
Received Import Request.
  Time since last request: 0.000028 seconds.
  path: Assets/sFuture Modules Pro/Textures/White/sFuture Panel Arrows  Stop Thin Border_Albedo.tga
  artifactKey: Guid(0c589763ecadecd41816809bb34049c9) Importer(815301076,1909f56bfc062723c751e8b465ee728b)
Start importing Assets/sFuture Modules Pro/Textures/White/sFuture Panel Arrows  Stop Thin Border_Albedo.tga using Guid(0c589763ecadecd41816809bb34049c9) Importer(815301076,1909f56bfc062723c751e8b465ee728b)  -> (artifact id: 'e97ef1faeaa91b39dafb13eedd05c30d') in 0.017036 seconds
Number of updated asset objects reloaded before import = 0
Number of asset objects unloaded after import = 2
========================================================================
Received Import Request.
  Time since last request: 0.000021 seconds.
  path: Assets/sFuture Modules Pro/Textures/White/sFuture Panel Light 1 Thin Border_Emission.png
  artifactKey: Guid(188af1f57b6250f48a2afac68d18fb35) Importer(815301076,1909f56bfc062723c751e8b465ee728b)
Start importing Assets/sFuture Modules Pro/Textures/White/sFuture Panel Light 1 Thin Border_Emission.png using Guid(188af1f57b6250f48a2afac68d18fb35) Importer(815301076,1909f56bfc062723c751e8b465ee728b)  -> (artifact id: 'ea629c542222e178474efb7677d3dfd4') in 0.016955 seconds
Number of updated asset objects reloaded before import = 0
Number of asset objects unloaded after import = 2
========================================================================
Received Import Request.
  Time since last request: 0.000013 seconds.
  path: Assets/sFuture Modules Pro/Textures/White/sFuture Panel Bumper Thin Border_Emission.png
  artifactKey: Guid(26a66cfa99133f840946684d1ba472d9) Importer(815301076,1909f56bfc062723c751e8b465ee728b)
Start importing Assets/sFuture Modules Pro/Textures/White/sFuture Panel Bumper Thin Border_Emission.png using Guid(26a66cfa99133f840946684d1ba472d9) Importer(815301076,1909f56bfc062723c751e8b465ee728b)  -> (artifact id: '722081382c1be8e07c5a435ef1f2e91d') in 0.009777 seconds
Number of updated asset objects reloaded before import = 0
Number of asset objects unloaded after import = 2
========================================================================
Received Import Request.
  Time since last request: 0.000015 seconds.
  path: Assets/sFuture Modules Pro/Textures/White/sFuture Panel Electronics 1 Thin Border_Occlusion.png
  artifactKey: Guid(a781ab4e3fd834e4893a00944ede73ba) Importer(815301076,1909f56bfc062723c751e8b465ee728b)
Start importing Assets/sFuture Modules Pro/Textures/White/sFuture Panel Electronics 1 Thin Border_Occlusion.png using Guid(a781ab4e3fd834e4893a00944ede73ba) Importer(815301076,1909f56bfc062723c751e8b465ee728b)  -> (artifact id: 'ba2ace1094287afac5e55e2cbf4a008a') in 0.020302 seconds
Number of updated asset objects reloaded before import = 0
Number of asset objects unloaded after import = 2
========================================================================
Received Import Request.
  Time since last request: 0.000018 seconds.
  path: Assets/sFuture Modules Pro/Textures/White/sFuture Panel  2 Blackstripes Thin Border_Occlusion.png
  artifactKey: Guid(d33f0615f31b1d740b57c8213605209c) Importer(815301076,1909f56bfc062723c751e8b465ee728b)
Start importing Assets/sFuture Modules Pro/Textures/White/sFuture Panel  2 Blackstripes Thin Border_Occlusion.png using Guid(d33f0615f31b1d740b57c8213605209c) Importer(815301076,1909f56bfc062723c751e8b465ee728b)  -> (artifact id: '4b81d3e17c1a7667283a696fc331adcb') in 0.018354 seconds
Number of updated asset objects reloaded before import = 0
Number of asset objects unloaded after import = 2
========================================================================
Received Import Request.
  Time since last request: 0.000022 seconds.
  path: Assets/sFuture Modules Pro/Textures/White/sFuture Panel  2 Blackstripes Thin Border_NormalMap.png
  artifactKey: Guid(dea44910045c3f347a70a9c253a51fc7) Importer(815301076,1909f56bfc062723c751e8b465ee728b)
Start importing Assets/sFuture Modules Pro/Textures/White/sFuture Panel  2 Blackstripes Thin Border_NormalMap.png using Guid(dea44910045c3f347a70a9c253a51fc7) Importer(815301076,1909f56bfc062723c751e8b465ee728b)  -> (artifact id: '1b816245d31f1665db929f8c7331f0fe') in 0.018776 seconds
Number of updated asset objects reloaded before import = 0
Number of asset objects unloaded after import = 2
========================================================================
Received Import Request.
  Time since last request: 0.000016 seconds.
  path: Assets/sFuture Modules Pro/Textures/White/sFuture Panel Electronics 1 Thin Border_Specular.tga
  artifactKey: Guid(bd40be05c3840264d9d3bd97d96af5be) Importer(815301076,1909f56bfc062723c751e8b465ee728b)
Start importing Assets/sFuture Modules Pro/Textures/White/sFuture Panel Electronics 1 Thin Border_Specular.tga using Guid(bd40be05c3840264d9d3bd97d96af5be) Importer(815301076,1909f56bfc062723c751e8b465ee728b)  -> (artifact id: 'dc72ba18df4d58a607cc12f563edf83b') in 0.018614 seconds
Number of updated asset objects reloaded before import = 0
Number of asset objects unloaded after import = 2
========================================================================
Received Import Request.
  Time since last request: 0.000034 seconds.
  path: Assets/sFuture Modules Pro/Textures/White/sFuture Panel Bumper Light Thin Border_Albedo.tga
  artifactKey: Guid(20d3585a3bd86d340b3a25e72be9bf3f) Importer(815301076,1909f56bfc062723c751e8b465ee728b)
Start importing Assets/sFuture Modules Pro/Textures/White/sFuture Panel Bumper Light Thin Border_Albedo.tga using Guid(20d3585a3bd86d340b3a25e72be9bf3f) Importer(815301076,1909f56bfc062723c751e8b465ee728b)  -> (artifact id: '87daf1ea12625c44e2348f87e8acfb35') in 0.016924 seconds
Number of updated asset objects reloaded before import = 0
Number of asset objects unloaded after import = 2
========================================================================
Received Import Request.
  Time since last request: 3.379520 seconds.
  path: Assets/sFuture Modules Pro/Models/45/sFuture Modules Pro 45 Inner border.FBX
  artifactKey: Guid(d60165838f2e37d4da7f791437c10171) Importer(815301076,1909f56bfc062723c751e8b465ee728b)
Start importing Assets/sFuture Modules Pro/Models/45/sFuture Modules Pro 45 Inner border.FBX using Guid(d60165838f2e37d4da7f791437c10171) Importer(815301076,1909f56bfc062723c751e8b465ee728b)  -> (artifact id: '091c290436b77151a3dadf7fe8f2fed4') in 0.036172 seconds
Number of updated asset objects reloaded before import = 0
Number of asset objects unloaded after import = 10
========================================================================
Received Import Request.
  Time since last request: 0.000018 seconds.
  path: Assets/sFuture Modules Pro/Models/45/sFuture Modules Pro 45 Outer corner.FBX
  artifactKey: Guid(5b479b80f2553cc4f86708e369e9ed17) Importer(815301076,1909f56bfc062723c751e8b465ee728b)
Start importing Assets/sFuture Modules Pro/Models/45/sFuture Modules Pro 45 Outer corner.FBX using Guid(5b479b80f2553cc4f86708e369e9ed17) Importer(815301076,1909f56bfc062723c751e8b465ee728b)  -> (artifact id: '80db7ccaeba9dba060a8d63de1e67b27') in 0.023483 seconds
Number of updated asset objects reloaded before import = 0
Number of asset objects unloaded after import = 7
========================================================================
Received Import Request.
  Time since last request: 0.000018 seconds.
  path: Assets/sFuture Modules Pro/Models/45/sFuture Modules Pro 45 Panel.FBX
  artifactKey: Guid(ff08ab2a0c6779b4e9aafcbef8d20778) Importer(815301076,1909f56bfc062723c751e8b465ee728b)
Start importing Assets/sFuture Modules Pro/Models/45/sFuture Modules Pro 45 Panel.FBX using Guid(ff08ab2a0c6779b4e9aafcbef8d20778) Importer(815301076,1909f56bfc062723c751e8b465ee728b)  -> (artifact id: 'cdedff1037a2dfba600d583fbdd6b570') in 0.023034 seconds
Number of updated asset objects reloaded before import = 0
Number of asset objects unloaded after import = 7
========================================================================
Received Import Request.
  Time since last request: 0.345031 seconds.
  path: Assets/sFuture Modules Pro/Models/2nd floor/sFuture Modules Pro Ramp.FBX
  artifactKey: Guid(263ff7a65deb87e4ea890bc0024a42ff) Importer(815301076,1909f56bfc062723c751e8b465ee728b)
Start importing Assets/sFuture Modules Pro/Models/2nd floor/sFuture Modules Pro Ramp.FBX using Guid(263ff7a65deb87e4ea890bc0024a42ff) Importer(815301076,1909f56bfc062723c751e8b465ee728b)  -> (artifact id: '8cf027f0b0f261b64fd38b96ec3e5583') in 0.020972 seconds
Number of updated asset objects reloaded before import = 0
Number of asset objects unloaded after import = 7
========================================================================
Received Import Request.
  Time since last request: 3.067238 seconds.
  path: Assets/sFuture Modules Pro/Models/Core/sFuture Modules Pro Corner.FBX
  artifactKey: Guid(58c7a4c3286e2d44485b9714d1abb6cb) Importer(815301076,1909f56bfc062723c751e8b465ee728b)
Start importing Assets/sFuture Modules Pro/Models/Core/sFuture Modules Pro Corner.FBX using Guid(58c7a4c3286e2d44485b9714d1abb6cb) Importer(815301076,1909f56bfc062723c751e8b465ee728b)  -> (artifact id: '06b16b0f38359e9ea3ec14c5838b06cd') in 0.021573 seconds
Number of updated asset objects reloaded before import = 0
Number of asset objects unloaded after import = 7
========================================================================
Received Import Request.
  Time since last request: 0.000017 seconds.
  path: Assets/sFuture Modules Pro/Models/Core/sFuture Modules Pro Panel 1x1 Plain.FBX
  artifactKey: Guid(4b1937d491ea68947a9e0fcb41422990) Importer(815301076,1909f56bfc062723c751e8b465ee728b)
Start importing Assets/sFuture Modules Pro/Models/Core/sFuture Modules Pro Panel 1x1 Plain.FBX using Guid(4b1937d491ea68947a9e0fcb41422990) Importer(815301076,1909f56bfc062723c751e8b465ee728b)  -> (artifact id: '4065ad9b42763edf4fba186647cfd6a1') in 0.021638 seconds
Number of updated asset objects reloaded before import = 0
Number of asset objects unloaded after import = 7
========================================================================
Received Import Request.
  Time since last request: 0.408942 seconds.
  path: Assets/sFuture Modules Pro/Models/Tube/sFuture Modules Pro Tube Half.FBX
  artifactKey: Guid(4ea238451c560bb40ab08b87b57ad3d4) Importer(815301076,1909f56bfc062723c751e8b465ee728b)
Start importing Assets/sFuture Modules Pro/Models/Tube/sFuture Modules Pro Tube Half.FBX using Guid(4ea238451c560bb40ab08b87b57ad3d4) Importer(815301076,1909f56bfc062723c751e8b465ee728b)  -> (artifact id: '536c101b0b7ba64717cb73be0e028b0e') in 0.017513 seconds
Number of updated asset objects reloaded before import = 0
Number of asset objects unloaded after import = 8
========================================================================
Received Import Request.
  Time since last request: 0.000012 seconds.
  path: Assets/sFuture Modules Pro/Models/Tube/sFuture Modules Pro Tube support ground.FBX
  artifactKey: Guid(a286ab028edbabd428aeb7da6bfadff4) Importer(815301076,1909f56bfc062723c751e8b465ee728b)
Start importing Assets/sFuture Modules Pro/Models/Tube/sFuture Modules Pro Tube support ground.FBX using Guid(a286ab028edbabd428aeb7da6bfadff4) Importer(815301076,1909f56bfc062723c751e8b465ee728b)  -> (artifact id: '0cb5b08d593e07dba7a4d79895fe436d') in 0.018093 seconds
Number of updated asset objects reloaded before import = 0
Number of asset objects unloaded after import = 8
========================================================================
Received Import Request.
  Time since last request: 0.000020 seconds.
  path: Assets/sFuture Modules Pro/Models/Tube/sFuture Modules Pro Tube Lid.FBX
  artifactKey: Guid(3e36bf1eac9fcb844b32529fd502ff79) Importer(815301076,1909f56bfc062723c751e8b465ee728b)
Start importing Assets/sFuture Modules Pro/Models/Tube/sFuture Modules Pro Tube Lid.FBX using Guid(3e36bf1eac9fcb844b32529fd502ff79) Importer(815301076,1909f56bfc062723c751e8b465ee728b)  -> (artifact id: '417a5eec2a4db9bdd21f9e3592e09c5f') in 0.018555 seconds
Number of updated asset objects reloaded before import = 0
Number of asset objects unloaded after import = 8
Editor requested this worker to shutdown with reason: Scaling down because of idle timeout
TcpMessagingSession - receive error
AssetImportWorkerClient::OnTransportError - code=2 error=End of file
AssetImportWorker is now disconnected from the server
Process exiting
Exiting without the bug reporter. Application will terminate with return code 0